DEBUG 2018-04-18 06:42:12 schema 11268 140500338472768 CREATE TABLE "django_migrations" ("id" serial NOT NULL PRIMARY KEY, "app" varchar(255) NOT NULL, "name" varchar(255) NOT NULL, "applied" timestamp with time zone NOT NULL); (params None)
DEBUG 2018-04-18 06:42:12 schema 11268 140500338472768 CREATE TABLE "django_content_type" ("id" serial NOT NULL PRIMARY KEY, "name" varchar(100) NOT NULL, "app_label" varchar(100) NOT NULL, "model" varchar(100) NOT NULL); (params None)
DEBUG 2018-04-18 06:42:12 schema 11268 140500338472768 ALTER TABLE "django_content_type" ADD CONSTRAINT "django_content_type_app_label_model_76bd3d3b_uniq" UNIQUE ("app_label", "model"); (params ())
DEBUG 2018-04-18 06:42:12 schema 11268 140500338472768 ALTER TABLE "django_content_type" ALTER COLUMN "name" DROP NOT NULL; (params [])
DEBUG 2018-04-18 06:42:12 schema 11268 140500338472768 ALTER TABLE "django_content_type" DROP COLUMN "name" CASCADE; (params ())
DEBUG 2018-04-18 06:42:12 schema 11268 140500338472768 CREATE TABLE "auth_permission" ("id" serial NOT NULL PRIMARY KEY, "name" varchar(50) NOT NULL, "content_type_id" integer NOT NULL, "codename" varchar(100) NOT NULL); (params None)
DEBUG 2018-04-18 06:42:13 schema 11268 140500338472768 CREATE TABLE "auth_group" ("id" serial NOT NULL PRIMARY KEY, "name" varchar(80) NOT NULL UNIQUE); (params None)
DEBUG 2018-04-18 06:42:13 schema 11268 140500338472768 CREATE TABLE "auth_group_permissions" ("id" serial NOT NULL PRIMARY KEY, "group_id" integer NOT NULL, "permission_id" integer NOT NULL); (params None)
DEBUG 2018-04-18 06:42:13 schema 11268 140500338472768 ALTER TABLE "auth_permission" ADD CONSTRAINT "auth_permission_content_type_id_2f476e4b_fk_django_co" FOREIGN KEY ("content_type_id") REFERENCES "django_content_type" ("id") DEFERRABLE INITIALLY DEFERRED; (params ())
DEBUG 2018-04-18 06:42:13 schema 11268 140500338472768 ALTER TABLE "auth_permission" ADD CONSTRAINT "auth_permission_content_type_id_codename_01ab375a_uniq" UNIQUE ("content_type_id", "codename"); (params ())
DEBUG 2018-04-18 06:42:13 schema 11268 140500338472768 CREATE INDEX "auth_permission_content_type_id_2f476e4b" ON "auth_permission" ("content_type_id"); (params ())
DEBUG 2018-04-18 06:42:13 schema 11268 140500338472768 CREATE INDEX "auth_group_name_a6ea08ec_like" ON "auth_group" ("name" varchar_pattern_ops); (params ())
DEBUG 2018-04-18 06:42:13 schema 11268 140500338472768 ALTER TABLE "auth_group_permissions" ADD CONSTRAINT "auth_group_permissions_group_id_b120cbf9_fk_auth_group_id" FOREIGN KEY ("group_id") REFERENCES "auth_group" ("id") DEFERRABLE INITIALLY DEFERRED; (params ())
DEBUG 2018-04-18 06:42:13 schema 11268 140500338472768 ALTER TABLE "auth_group_permissions" ADD CONSTRAINT "auth_group_permissio_permission_id_84c5c92e_fk_auth_perm" FOREIGN KEY ("permission_id") REFERENCES "auth_permission" ("id") DEFERRABLE INITIALLY DEFERRED; (params ())
DEBUG 2018-04-18 06:42:13 schema 11268 140500338472768 ALTER TABLE "auth_group_permissions" ADD CONSTRAINT "auth_group_permissions_group_id_permission_id_0cd325b0_uniq" UNIQUE ("group_id", "permission_id"); (params ())
DEBUG 2018-04-18 06:42:13 schema 11268 140500338472768 CREATE INDEX "auth_group_permissions_group_id_b120cbf9" ON "auth_group_permissions" ("group_id"); (params ())
DEBUG 2018-04-18 06:42:13 schema 11268 140500338472768 CREATE INDEX "auth_group_permissions_permission_id_84c5c92e" ON "auth_group_permissions" ("permission_id"); (params ())
DEBUG 2018-04-18 06:42:13 schema 11268 140500338472768 ALTER TABLE "auth_permission" ALTER COLUMN "name" TYPE varchar(255) USING "name"::varchar(255); (params [])
DEBUG 2018-04-18 06:42:13 schema 11268 140500338472768 CREATE TABLE "user" ("id" serial NOT NULL PRIMARY KEY, "password" varchar(128) NOT NULL, "last_login" timestamp with time zone NULL, "is_superuser" boolean NOT NULL, "username" varchar(150) NOT NULL UNIQUE, "first_name" varchar(30) NOT NULL, "last_name" varchar(30) NOT NULL, "email" varchar(254) NOT NULL, "is_staff" boolean NOT NULL, "is_active" boolean NOT NULL, "date_joined" timestamp with time zone NOT NULL, "external_id" varchar(150) NOT NULL); (params None)
DEBUG 2018-04-18 06:42:13 schema 11268 140500338472768 CREATE TABLE "company" ("id" serial NOT NULL PRIMARY KEY, "name" varchar(100) NOT NULL, "external_id" varchar(150) NOT NULL, "default_currency" varchar(3) NOT NULL, "website" varchar(200) NOT NULL, "employee_count" integer NULL); (params None)
DEBUG 2018-04-18 06:42:13 schema 11268 140500338472768 CREATE TABLE "companymeta" ("id" serial NOT NULL PRIMARY KEY, "reporting_connection_type" varchar(50) NOT NULL, "last_reporting_period" date NOT NULL, "qb_connect_desktop_version" varchar(5) NOT NULL, "monthly_reporting_last_step" integer NOT NULL, "qbo_auth_token" varchar(150) NOT NULL, "company_id" integer NOT NULL); (params None)
DEBUG 2018-04-18 06:42:13 schema 11268 140500338472768 CREATE TABLE "companynotification" ("id" serial NOT NULL PRIMARY KEY, "for_user_only" boolean NOT NULL, "date_created" date NOT NULL, "date_read" date NOT NULL, "is_read" boolean NOT NULL, "message" text NOT NULL, "company_id" integer NOT NULL); (params None)
DEBUG 2018-04-18 06:42:13 schema 11268 140500338472768 ALTER TABLE "user" ADD COLUMN "company_id" integer NULL; (params [])
DEBUG 2018-04-18 06:42:13 schema 11268 140500338472768 CREATE TABLE "user_groups" ("id" serial NOT NULL PRIMARY KEY, "user_id" integer NOT NULL, "group_id" integer NOT NULL); (params None)
DEBUG 2018-04-18 06:42:14 schema 11268 140500338472768 CREATE TABLE "user_user_permissions" ("id" serial NOT NULL PRIMARY KEY, "user_id" integer NOT NULL, "permission_id" integer NOT NULL); (params None)
DEBUG 2018-04-18 06:42:14 schema 11268 140500338472768 CREATE INDEX "user_username_cf016618_like" ON "user" ("username" varchar_pattern_ops); (params ())
DEBUG 2018-04-18 06:42:14 schema 11268 140500338472768 ALTER TABLE "companymeta" ADD CONSTRAINT "companymeta_company_id_49fc7f83_fk_company_id" FOREIGN KEY ("company_id") REFERENCES "company" ("id") DEFERRABLE INITIALLY DEFERRED; (params ())
DEBUG 2018-04-18 06:42:14 schema 11268 140500338472768 CREATE INDEX "companymeta_company_id_49fc7f83" ON "companymeta" ("company_id"); (params ())
DEBUG 2018-04-18 06:42:14 schema 11268 140500338472768 ALTER TABLE "companynotification" ADD CONSTRAINT "companynotification_company_id_9b898c5c_fk_company_id" FOREIGN KEY ("company_id") REFERENCES "company" ("id") DEFERRABLE INITIALLY DEFERRED; (params ())
DEBUG 2018-04-18 06:42:14 schema 11268 140500338472768 CREATE INDEX "companynotification_company_id_9b898c5c" ON "companynotification" ("company_id"); (params ())
DEBUG 2018-04-18 06:42:14 schema 11268 140500338472768 CREATE INDEX "user_company_id_99854d28" ON "user" ("company_id"); (params ())
DEBUG 2018-04-18 06:42:14 schema 11268 140500338472768 ALTER TABLE "user" ADD CONSTRAINT "user_company_id_99854d28_fk_company_id" FOREIGN KEY ("company_id") REFERENCES "company" ("id") DEFERRABLE INITIALLY DEFERRED; (params ())
DEBUG 2018-04-18 06:42:14 schema 11268 140500338472768 ALTER TABLE "user_groups" ADD CONSTRAINT "user_groups_user_id_abaea130_fk_user_id" FOREIGN KEY ("user_id") REFERENCES "user" ("id") DEFERRABLE INITIALLY DEFERRED; (params ())
DEBUG 2018-04-18 06:42:14 schema 11268 140500338472768 ALTER TABLE "user_groups" ADD CONSTRAINT "user_groups_group_id_b76f8aba_fk_auth_group_id" FOREIGN KEY ("group_id") REFERENCES "auth_group" ("id") DEFERRABLE INITIALLY DEFERRED; (params ())
DEBUG 2018-04-18 06:42:14 schema 11268 140500338472768 ALTER TABLE "user_groups" ADD CONSTRAINT "user_groups_user_id_group_id_40beef00_uniq" UNIQUE ("user_id", "group_id"); (params ())
DEBUG 2018-04-18 06:42:14 schema 11268 140500338472768 CREATE INDEX "user_groups_user_id_abaea130" ON "user_groups" ("user_id"); (params ())
DEBUG 2018-04-18 06:42:14 schema 11268 140500338472768 CREATE INDEX "user_groups_group_id_b76f8aba" ON "user_groups" ("group_id"); (params ())
DEBUG 2018-04-18 06:42:14 schema 11268 140500338472768 ALTER TABLE "user_user_permissions" ADD CONSTRAINT "user_user_permissions_user_id_ed4a47ea_fk_user_id" FOREIGN KEY ("user_id") REFERENCES "user" ("id") DEFERRABLE INITIALLY DEFERRED; (params ())
DEBUG 2018-04-18 06:42:14 schema 11268 140500338472768 ALTER TABLE "user_user_permissions" ADD CONSTRAINT "user_user_permission_permission_id_9deb68a3_fk_auth_perm" FOREIGN KEY ("permission_id") REFERENCES "auth_permission" ("id") DEFERRABLE INITIALLY DEFERRED; (params ())
DEBUG 2018-04-18 06:42:14 schema 11268 140500338472768 ALTER TABLE "user_user_permissions" ADD CONSTRAINT "user_user_permissions_user_id_permission_id_7dc6e2e0_uniq" UNIQUE ("user_id", "permission_id"); (params ())
DEBUG 2018-04-18 06:42:14 schema 11268 140500338472768 CREATE INDEX "user_user_permissions_user_id_ed4a47ea" ON "user_user_permissions" ("user_id"); (params ())
DEBUG 2018-04-18 06:42:14 schema 11268 140500338472768 CREATE INDEX "user_user_permissions_permission_id_9deb68a3" ON "user_user_permissions" ("permission_id"); (params ())
DEBUG 2018-04-18 06:42:14 schema 11268 140500338472768 ALTER TABLE "company" ADD COLUMN "accounting_type" varchar(60) DEFAULT %s NOT NULL; (params ['Quickbooks'])
DEBUG 2018-04-18 06:42:14 schema 11268 140500338472768 ALTER TABLE "company" ALTER COLUMN "accounting_type" DROP DEFAULT; (params ())
DEBUG 2018-04-18 06:42:14 schema 11268 140500338472768 ALTER TABLE "companymeta" RENAME COLUMN "reporting_connection_type" TO "monthly_reporting_sync_method"; (params ())
DEBUG 2018-04-18 06:42:14 schema 11268 140500338472768 ALTER TABLE "companymeta" DROP COLUMN "last_reporting_period" CASCADE; (params ())
DEBUG 2018-04-18 06:42:14 schema 11268 140500338472768 ALTER TABLE "companymeta" DROP COLUMN "qbo_auth_token" CASCADE; (params ())
DEBUG 2018-04-18 06:42:14 schema 11268 140500338472768 ALTER TABLE "companymeta" ADD COLUMN "accounting_setup_last_page" varchar(20) NULL; (params [])
DEBUG 2018-04-18 06:42:14 schema 11268 140500338472768 ALTER TABLE "companymeta" ADD COLUMN "accounting_setup_status" varchar(20) NULL; (params [])
DEBUG 2018-04-18 06:42:14 schema 11268 140500338472768 ALTER TABLE "companymeta" ADD COLUMN "monthly_reporting_active_period" date NULL; (params [])
DEBUG 2018-04-18 06:42:14 schema 11268 140500338472768 ALTER TABLE "companymeta" ADD COLUMN "monthly_reporting_last_page" varchar(20) NULL; (params [])
DEBUG 2018-04-18 06:42:14 schema 11268 140500338472768 ALTER TABLE "companymeta" ADD COLUMN "monthly_reporting_last_period_status" varchar(20) NULL; (params [])
DEBUG 2018-04-18 06:42:14 schema 11268 140500338472768 ALTER TABLE "companymeta" ADD COLUMN "monthly_reporting_next_period" date NULL; (params [])
DEBUG 2018-04-18 06:42:14 schema 11268 140500338472768 ALTER TABLE "companymeta" RENAME COLUMN "monthly_reporting_active_period" TO "monthly_reporting_current_period"; (params ())
DEBUG 2018-04-18 06:42:14 schema 11268 140500338472768 ALTER TABLE "companymeta" RENAME COLUMN "accounting_setup_last_page" TO "last_page"; (params ())
DEBUG 2018-04-18 06:42:14 schema 11268 140500338472768 ALTER TABLE "companymeta" DROP COLUMN "monthly_reporting_last_page" CASCADE; (params ())
DEBUG 2018-04-18 06:42:14 schema 11268 140500338472768 ALTER TABLE "companymeta" ALTER COLUMN "monthly_reporting_last_step" DROP NOT NULL; (params [])
DEBUG 2018-04-18 06:42:14 schema 11268 140500338472768 ALTER TABLE "companymeta" ALTER COLUMN "monthly_reporting_sync_method" DROP NOT NULL; (params [])
DEBUG 2018-04-18 06:42:14 schema 11268 140500338472768 ALTER TABLE "companymeta" ALTER COLUMN "qb_connect_desktop_version" DROP NOT NULL; (params [])
DEBUG 2018-04-18 06:42:14 schema 11268 140500338472768 ALTER TABLE "companymeta" ADD COLUMN "is_initial_setup" boolean DEFAULT %s NOT NULL; (params [True])
DEBUG 2018-04-18 06:42:15 schema 11268 140500338472768 ALTER TABLE "companymeta" ALTER COLUMN "is_initial_setup" DROP DEFAULT; (params ())
DEBUG 2018-04-18 06:42:15 schema 11268 140500338472768 ALTER TABLE "companymeta" ALTER COLUMN "accounting_setup_status" SET DEFAULT %s; (params ['NOT_STARTED'])
DEBUG 2018-04-18 06:42:15 schema 11268 140500338472768 ALTER TABLE "companymeta" ALTER COLUMN "accounting_setup_status" DROP DEFAULT; (params ())
DEBUG 2018-04-18 06:42:15 schema 11268 140500338472768 ALTER TABLE "companymeta" ADD COLUMN "setup_completed" boolean DEFAULT %s NOT NULL; (params [False])
DEBUG 2018-04-18 06:42:15 schema 11268 140500338472768 ALTER TABLE "companymeta" ALTER COLUMN "setup_completed" DROP DEFAULT; (params ())
DEBUG 2018-04-18 06:42:15 schema 11268 140500338472768 CREATE TABLE "contact" ("id" serial NOT NULL PRIMARY KEY, "external_id" varchar(150) NOT NULL, "first_name" varchar(100) NOT NULL, "last_name" varchar(100) NOT NULL, "email" varchar(100) NOT NULL, "company_id" integer NOT NULL); (params None)
DEBUG 2018-04-18 06:42:15 schema 11268 140500338472768 CREATE TABLE "espressocontact" ("id" serial NOT NULL PRIMARY KEY, "company_id" integer NOT NULL, "contact_id" integer NOT NULL); (params None)
DEBUG 2018-04-18 06:42:15 schema 11268 140500338472768 ALTER TABLE "contact" ADD CONSTRAINT "contact_company_id_f5d9b219_fk_company_id" FOREIGN KEY ("company_id") REFERENCES "company" ("id") DEFERRABLE INITIALLY DEFERRED; (params ())
DEBUG 2018-04-18 06:42:15 schema 11268 140500338472768 CREATE INDEX "contact_company_id_f5d9b219" ON "contact" ("company_id"); (params ())
DEBUG 2018-04-18 06:42:15 schema 11268 140500338472768 ALTER TABLE "espressocontact" ADD CONSTRAINT "espressocontact_company_id_655d3c1c_fk_company_id" FOREIGN KEY ("company_id") REFERENCES "company" ("id") DEFERRABLE INITIALLY DEFERRED; (params ())
DEBUG 2018-04-18 06:42:15 schema 11268 140500338472768 ALTER TABLE "espressocontact" ADD CONSTRAINT "espressocontact_contact_id_cb819546_fk_contact_id" FOREIGN KEY ("contact_id") REFERENCES "contact" ("id") DEFERRABLE INITIALLY DEFERRED; (params ())
DEBUG 2018-04-18 06:42:15 schema 11268 140500338472768 CREATE INDEX "espressocontact_company_id_655d3c1c" ON "espressocontact" ("company_id"); (params ())
DEBUG 2018-04-18 06:42:15 schema 11268 140500338472768 CREATE INDEX "espressocontact_contact_id_cb819546" ON "espressocontact" ("contact_id"); (params ())
DEBUG 2018-04-18 06:42:15 schema 11268 140500338472768 ALTER TABLE "contact" ADD COLUMN "phone" varchar(15) DEFAULT %s NOT NULL; (params [''])
DEBUG 2018-04-18 06:42:15 schema 11268 140500338472768 ALTER TABLE "contact" ALTER COLUMN "phone" DROP DEFAULT; (params ())
DEBUG 2018-04-18 06:42:15 schema 11268 140500338472768 ALTER TABLE "contact" ADD COLUMN "title" varchar(50) DEFAULT %s NOT NULL; (params [''])
DEBUG 2018-04-18 06:42:15 schema 11268 140500338472768 ALTER TABLE "contact" ALTER COLUMN "title" DROP DEFAULT; (params ())
DEBUG 2018-04-18 06:42:15 schema 11268 140500338472768 CREATE TABLE "accounting_accountingoauth2" ("id" serial NOT NULL PRIMARY KEY, "accessToken" varchar(1000) NOT NULL UNIQUE, "refreshToken" varchar(255) NOT NULL UNIQUE, "realmId" varchar(255) NOT NULL); (params None)
DEBUG 2018-04-18 06:42:16 schema 11268 140500338472768 CREATE TABLE "coa" ("id" serial NOT NULL PRIMARY KEY, "gl_account_id" integer NOT NULL, "gl_account_name" varchar(60) NOT NULL, "gl_account_type" varchar(60) NOT NULL, "gl_account_desc" varchar(120) NULL, "gl_detail_account_type" varchar(120) NULL, "gl_account_bal" numeric(10, 2) NULL, "gl_account_currency" numeric(10, 2) NOT NULL); (params None)
DEBUG 2018-04-18 06:42:16 schema 11268 140500338472768 CREATE TABLE "coamap" ("id" serial NOT NULL PRIMARY KEY, "cust_account_id" integer NULL, "cust_account_name" varchar(60) NOT NULL, "espresso_account_id" integer NOT NULL, "espresso_account_name" varchar(60) NOT NULL); (params None)
DEBUG 2018-04-18 06:42:16 schema 11268 140500338472768 CREATE TABLE "defaultaccounttagmapping" ("id" serial NOT NULL PRIMARY KEY, "software" varchar(60) NOT NULL, "account_category" varchar(60) NOT NULL, "default_map_id" integer NOT NULL, "default_map_name" varchar(60) NOT NULL); (params None)
DEBUG 2018-04-18 06:42:16 schema 11268 140500338472768 CREATE TABLE "financialstatementtag" ("id" serial NOT NULL PRIMARY KEY, "tag_id" integer NOT NULL, "short_label" varchar(60) NOT NULL, "description" varchar(120) NOT NULL, "tag_category" varchar(60) NOT NULL); (params None)
DEBUG 2018-04-18 06:42:16 schema 11268 140500338472768 CREATE TABLE "trialbalance" ("id" serial NOT NULL PRIMARY KEY, "gl_account_name" varchar(50) NOT NULL, "debit" numeric(10, 2) NOT NULL, "credit" numeric(10, 2) NOT NULL); (params None)
DEBUG 2018-04-18 06:42:16 schema 11268 140500338472768 CREATE INDEX "accounting_accountingoauth2_accessToken_2cc5c1f3_like" ON "accounting_accountingoauth2" ("accessToken" varchar_pattern_ops); (params ())
DEBUG 2018-04-18 06:42:16 schema 11268 140500338472768 CREATE INDEX "accounting_accountingoauth2_refreshToken_82133608_like" ON "accounting_accountingoauth2" ("refreshToken" varchar_pattern_ops); (params ())
DEBUG 2018-04-18 06:42:16 schema 11268 140500338472768 ALTER TABLE "trialbalance" ADD COLUMN "company_id" integer NOT NULL; (params [])
DEBUG 2018-04-18 06:42:16 schema 11268 140500338472768 ALTER TABLE "coamap" ADD COLUMN "company_id" integer NOT NULL; (params [])
DEBUG 2018-04-18 06:42:16 schema 11268 140500338472768 ALTER TABLE "coa" ADD COLUMN "company_id" integer NOT NULL; (params [])
DEBUG 2018-04-18 06:42:16 schema 11268 140500338472768 ALTER TABLE "accounting_accountingoauth2" ADD COLUMN "company_id" integer NOT NULL; (params [])
DEBUG 2018-04-18 06:42:16 schema 11268 140500338472768 CREATE INDEX "trialbalance_company_id_7b8b9835" ON "trialbalance" ("company_id"); (params ())
DEBUG 2018-04-18 06:42:16 schema 11268 140500338472768 ALTER TABLE "trialbalance" ADD CONSTRAINT "trialbalance_company_id_7b8b9835_fk_company_id" FOREIGN KEY ("company_id") REFERENCES "company" ("id") DEFERRABLE INITIALLY DEFERRED; (params ())
DEBUG 2018-04-18 06:42:16 schema 11268 140500338472768 CREATE INDEX "coamap_company_id_3d18effd" ON "coamap" ("company_id"); (params ())
DEBUG 2018-04-18 06:42:16 schema 11268 140500338472768 ALTER TABLE "coamap" ADD CONSTRAINT "coamap_company_id_3d18effd_fk_company_id" FOREIGN KEY ("company_id") REFERENCES "company" ("id") DEFERRABLE INITIALLY DEFERRED; (params ())
DEBUG 2018-04-18 06:42:16 schema 11268 140500338472768 CREATE INDEX "coa_company_id_9cd18fb8" ON "coa" ("company_id"); (params ())
DEBUG 2018-04-18 06:42:16 schema 11268 140500338472768 ALTER TABLE "coa" ADD CONSTRAINT "coa_company_id_9cd18fb8_fk_company_id" FOREIGN KEY ("company_id") REFERENCES "company" ("id") DEFERRABLE INITIALLY DEFERRED; (params ())
DEBUG 2018-04-18 06:42:16 schema 11268 140500338472768 CREATE INDEX "accounting_accountingoauth2_company_id_418262f9" ON "accounting_accountingoauth2" ("company_id"); (params ())
DEBUG 2018-04-18 06:42:16 schema 11268 140500338472768 ALTER TABLE "accounting_accountingoauth2" ADD CONSTRAINT "accounting_accountingoauth2_company_id_418262f9_fk_company_id" FOREIGN KEY ("company_id") REFERENCES "company" ("id") DEFERRABLE INITIALLY DEFERRED; (params ())
DEBUG 2018-04-18 06:42:16 schema 11268 140500338472768 ALTER TABLE "coa" ALTER COLUMN "gl_account_currency" TYPE varchar(3) USING "gl_account_currency"::varchar(3); (params [])
DEBUG 2018-04-18 06:42:16 schema 11268 140500338472768 ALTER TABLE "coa" ALTER COLUMN "gl_account_id" DROP NOT NULL; (params [])
DEBUG 2018-04-18 06:42:17 schema 11268 140500338472768 ALTER TABLE "coa" DROP COLUMN "gl_account_desc" CASCADE; (params ())
DEBUG 2018-04-18 06:42:17 schema 11268 140500338472768 ALTER TABLE "coa" DROP COLUMN "gl_detail_account_type" CASCADE; (params ())
DEBUG 2018-04-18 06:42:17 schema 11268 140500338472768 ALTER TABLE "financialstatementtag" ADD COLUMN "abstract" boolean DEFAULT %s NOT NULL; (params [False])
DEBUG 2018-04-18 06:42:17 schema 11268 140500338472768 ALTER TABLE "financialstatementtag" ALTER COLUMN "abstract" DROP DEFAULT; (params ())
DEBUG 2018-04-18 06:42:17 schema 11268 140500338472768 ALTER TABLE "financialstatementtag" ADD COLUMN "formula" varchar(120) NULL; (params [])
DEBUG 2018-04-18 06:42:17 schema 11268 140500338472768 ALTER TABLE "financialstatementtag" ADD COLUMN "name" varchar(60) NULL; (params [])
DEBUG 2018-04-18 06:42:17 schema 11268 140500338472768 ALTER TABLE "financialstatementtag" ADD COLUMN "sort_order" integer NULL; (params [])
DEBUG 2018-04-18 06:42:17 schema 11268 140500338472768 ALTER TABLE "financialstatementtag" ALTER COLUMN "tag_id" DROP NOT NULL; (params [])
DEBUG 2018-04-18 06:42:17 schema 11268 140500338472768 ALTER TABLE "trialbalance" ADD COLUMN "period" date NULL; (params [])
DEBUG 2018-04-18 06:42:17 schema 11268 140500338472768 UPDATE "trialbalance" SET "period" = %s WHERE "period" IS NULL; (params [None])
DEBUG 2018-04-18 06:42:17 schema 11268 140500338472768 ALTER TABLE "trialbalance" ALTER COLUMN "period" SET NOT NULL; (params [])
DEBUG 2018-04-18 06:42:17 schema 11268 140500338472768 ALTER TABLE "trialbalance" ADD COLUMN "currency" varchar(3) DEFAULT %s NOT NULL; (params [''])
DEBUG 2018-04-18 06:42:17 schema 11268 140500338472768 ALTER TABLE "trialbalance" ALTER COLUMN "currency" DROP DEFAULT; (params ())
DEBUG 2018-04-18 06:42:17 schema 11268 140500338472768 ALTER TABLE "trialbalance" ADD COLUMN "account_id" integer NULL; (params [])
DEBUG 2018-04-18 06:42:17 schema 11268 140500338472768 ALTER TABLE "trialbalance" RENAME COLUMN "account_id" TO "gl_account_id"; (params ())
DEBUG 2018-04-18 06:42:17 schema 11268 140500338472768 ALTER TABLE "coamap" ADD COLUMN "is_mapped" boolean DEFAULT %s NOT NULL; (params [False])
DEBUG 2018-04-18 06:42:17 schema 11268 140500338472768 ALTER TABLE "coamap" ALTER COLUMN "is_mapped" DROP DEFAULT; (params ())
DEBUG 2018-04-18 06:42:17 schema 11268 140500338472768 CREATE TABLE "accounting_quickbooklogin" ("id" serial NOT NULL PRIMARY KEY, "status" varchar(20) NOT NULL, "created" timestamp with time zone NULL, "company_id" integer NOT NULL); (params None)
DEBUG 2018-04-18 06:42:17 schema 11268 140500338472768 ALTER TABLE "accounting_quickbooklogin" ADD CONSTRAINT "accounting_quickbooklogin_company_id_5f236cc2_fk_company_id" FOREIGN KEY ("company_id") REFERENCES "company" ("id") DEFERRABLE INITIALLY DEFERRED; (params ())
DEBUG 2018-04-18 06:42:17 schema 11268 140500338472768 CREATE INDEX "accounting_quickbooklogin_company_id_5f236cc2" ON "accounting_quickbooklogin" ("company_id"); (params ())
DEBUG 2018-04-18 06:42:18 schema 11268 140500338472768 ALTER TABLE "accounting_accountingoauth2" RENAME TO "accountingoauth2"; (params ())
DEBUG 2018-04-18 06:42:18 schema 11268 140500338472768 ALTER TABLE "financialstatementtag" ADD COLUMN "generated_id" varchar(65) NULL; (params [])
DEBUG 2018-04-18 06:42:18 schema 11268 140500338472768 CREATE TABLE "coadefaultid" ("id" serial NOT NULL PRIMARY KEY, "software" varchar(60) NOT NULL, "gl_account_id" integer NULL, "gl_account_name" varchar(60) NOT NULL, "gl_account_type" varchar(60) NOT NULL, "company_id" integer NOT NULL); (params None)
DEBUG 2018-04-18 06:42:18 schema 11268 140500338472768 ALTER TABLE "coadefaultid" ADD CONSTRAINT "coadefaultid_company_id_92282471_fk_company_id" FOREIGN KEY ("company_id") REFERENCES "company" ("id") DEFERRABLE INITIALLY DEFERRED; (params ())
DEBUG 2018-04-18 06:42:18 schema 11268 140500338472768 CREATE INDEX "coadefaultid_company_id_92282471" ON "coadefaultid" ("company_id"); (params ())
DEBUG 2018-04-18 06:42:18 schema 11268 140500338472768 SET CONSTRAINTS "coadefaultid_company_id_92282471_fk_company_id" IMMEDIATE; ALTER TABLE "coadefaultid" DROP CONSTRAINT "coadefaultid_company_id_92282471_fk_company_id"; (params ())
DEBUG 2018-04-18 06:42:18 schema 11268 140500338472768 ALTER TABLE "coadefaultid" DROP COLUMN "company_id" CASCADE; (params ())
DEBUG 2018-04-18 06:42:18 schema 11268 140500338472768 DROP TABLE "coadefaultid" CASCADE; (params ())
DEBUG 2018-04-18 06:42:18 schema 11268 140500338472768 CREATE TABLE "coadefaultid" ("id" serial NOT NULL PRIMARY KEY, "software" varchar(60) NOT NULL, "gl_account_id" integer NULL, "gl_account_name" varchar(60) NOT NULL, "gl_account_type" varchar(60) NOT NULL, "company_id" integer NOT NULL); (params None)
DEBUG 2018-04-18 06:42:18 schema 11268 140500338472768 ALTER TABLE "coadefaultid" ADD CONSTRAINT "coadefaultid_company_id_92282471_fk_company_id" FOREIGN KEY ("company_id") REFERENCES "company" ("id") DEFERRABLE INITIALLY DEFERRED; (params ())
DEBUG 2018-04-18 06:42:18 schema 11268 140500338472768 CREATE INDEX "coadefaultid_company_id_92282471" ON "coadefaultid" ("company_id"); (params ())
DEBUG 2018-04-18 06:42:18 schema 11268 140500338472768 SET CONSTRAINTS "coadefaultid_company_id_92282471_fk_company_id" IMMEDIATE; ALTER TABLE "coadefaultid" DROP CONSTRAINT "coadefaultid_company_id_92282471_fk_company_id"; (params ())
DEBUG 2018-04-18 06:42:18 schema 11268 140500338472768 ALTER TABLE "coadefaultid" DROP COLUMN "company_id" CASCADE; (params ())
DEBUG 2018-04-18 06:42:18 schema 11268 140500338472768 DROP TABLE "coadefaultid" CASCADE; (params ())
DEBUG 2018-04-18 06:42:18 schema 11268 140500338472768 ALTER TABLE "trialbalance" ALTER COLUMN "gl_account_name" TYPE varchar(150) USING "gl_account_name"::varchar(150); (params [])
DEBUG 2018-04-18 06:42:18 schema 11268 140500338472768 ALTER TABLE "financialstatementtag" ADD COLUMN "is_total_row" boolean DEFAULT %s NOT NULL; (params [False])
DEBUG 2018-04-18 06:42:18 schema 11268 140500338472768 ALTER TABLE "financialstatementtag" ALTER COLUMN "is_total_row" DROP DEFAULT; (params ())
DEBUG 2018-04-18 06:42:18 schema 11268 140500338472768 ALTER TABLE "coamap" ADD COLUMN "verified_by_user" boolean DEFAULT %s NOT NULL; (params [False])
DEBUG 2018-04-18 06:42:18 schema 11268 140500338472768 ALTER TABLE "coamap" ALTER COLUMN "verified_by_user" DROP DEFAULT; (params ())
DEBUG 2018-04-18 06:42:18 schema 11268 140500338472768 ALTER TABLE "financialstatementtag" ADD COLUMN "all_sight_name" varchar(60) NULL; (params [])
DEBUG 2018-04-18 06:42:19 schema 11268 140500338472768 ALTER TABLE "financialstatementtag" ALTER COLUMN "name" TYPE varchar(128) USING "name"::varchar(128); (params [])
DEBUG 2018-04-18 06:42:19 schema 11268 140500338472768 ALTER TABLE "financialstatementtag" ADD COLUMN "tag_group" varchar(120) NULL; (params [])
DEBUG 2018-04-18 06:42:19 schema 11268 140500338472768 ALTER TABLE "accounting_quickbooklogin" RENAME TO "accounting_logininfo"; (params ())
DEBUG 2018-04-18 06:42:19 schema 11268 140500338472768 ALTER TABLE "accountingoauth2" ADD COLUMN "accessSecretKey" varchar(255) NULL; (params [])
DEBUG 2018-04-18 06:42:19 schema 11268 140500338472768 ALTER TABLE "accountingoauth2" ADD COLUMN "tokenAcitvatedOn" varchar(255) NULL; (params [])
DEBUG 2018-04-18 06:42:19 schema 11268 140500338472768 ALTER TABLE "accountingoauth2" ADD COLUMN "tokenExpiryON" varchar(255) NULL; (params [])
DEBUG 2018-04-18 06:42:19 schema 11268 140500338472768 ALTER TABLE "accountingoauth2" ALTER COLUMN "realmId" DROP NOT NULL; (params [])
DEBUG 2018-04-18 06:42:19 schema 11268 140500338472768 ALTER TABLE "accountingoauth2" DROP CONSTRAINT "accounting_accountingoauth2_refreshToken_key"; (params ())
DEBUG 2018-04-18 06:42:19 schema 11268 140500338472768 ALTER TABLE "accountingoauth2" ALTER COLUMN "refreshToken" DROP NOT NULL; (params [])
DEBUG 2018-04-18 06:42:19 schema 11268 140500338472768 ALTER TABLE "coa" ALTER COLUMN "gl_account_id" TYPE varchar(10) USING "gl_account_id"::varchar(10); (params [])
DEBUG 2018-04-18 06:42:19 schema 11268 140500338472768 ALTER TABLE "coamap" ALTER COLUMN "cust_account_id" TYPE varchar(10) USING "cust_account_id"::varchar(10); (params [])
DEBUG 2018-04-18 06:42:19 schema 11268 140500338472768 ALTER TABLE "trialbalance" ALTER COLUMN "gl_account_id" TYPE varchar(10) USING "gl_account_id"::varchar(10); (params [])
DEBUG 2018-04-18 06:42:20 schema 11268 140500338472768 ALTER TABLE "accountingoauth2" ALTER COLUMN "accessSecretKey" TYPE text USING "accessSecretKey"::text; (params [])
DEBUG 2018-04-18 06:42:20 schema 11268 140500338472768 ALTER TABLE "accountingoauth2" ALTER COLUMN "refreshToken" TYPE varchar(1000) USING "refreshToken"::varchar(1000); (params [])
DEBUG 2018-04-18 06:42:20 schema 11268 140500338472768 ALTER TABLE "accountingoauth2" ALTER COLUMN "refreshToken" TYPE varchar(255) USING "refreshToken"::varchar(255); (params [])
DEBUG 2018-04-18 06:42:20 schema 11268 140500338472768 ALTER TABLE "coa" ALTER COLUMN "gl_account_name" TYPE varchar(128) USING "gl_account_name"::varchar(128); (params [])
DEBUG 2018-04-18 06:42:20 schema 11268 140500338472768 ALTER TABLE "coa" ALTER COLUMN "gl_account_type" TYPE varchar(128) USING "gl_account_type"::varchar(128); (params [])
DEBUG 2018-04-18 06:42:20 schema 11268 140500338472768 ALTER TABLE "coamap" ALTER COLUMN "cust_account_name" TYPE varchar(128) USING "cust_account_name"::varchar(128); (params [])
DEBUG 2018-04-18 06:42:20 schema 11268 140500338472768 ALTER TABLE "coamap" ALTER COLUMN "espresso_account_name" TYPE varchar(128) USING "espresso_account_name"::varchar(128); (params [])
DEBUG 2018-04-18 06:42:20 schema 11268 140500338472768 ALTER TABLE "trialbalance" ALTER COLUMN "gl_account_id" TYPE varchar(60) USING "gl_account_id"::varchar(60); (params [])
DEBUG 2018-04-18 06:42:20 schema 11268 140500338472768 ALTER TABLE "coa" ALTER COLUMN "gl_account_id" TYPE varchar(60) USING "gl_account_id"::varchar(60); (params [])
DEBUG 2018-04-18 06:42:20 schema 11268 140500338472768 ALTER TABLE "coa" ALTER COLUMN "gl_account_bal" TYPE numeric(12, 2) USING "gl_account_bal"::numeric(12, 2); (params [])
DEBUG 2018-04-18 06:42:20 schema 11268 140500338472768 ALTER TABLE "coamap" ALTER COLUMN "cust_account_id" TYPE varchar(60) USING "cust_account_id"::varchar(60); (params [])
DEBUG 2018-04-18 06:42:20 schema 11268 140500338472768 ALTER TABLE "trialbalance" ALTER COLUMN "credit" TYPE numeric(12, 2) USING "credit"::numeric(12, 2); (params [])
DEBUG 2018-04-18 06:42:20 schema 11268 140500338472768 ALTER TABLE "trialbalance" ALTER COLUMN "debit" TYPE numeric(12, 2) USING "debit"::numeric(12, 2); (params [])
DEBUG 2018-04-18 06:42:20 schema 11268 140500338472768 CREATE TABLE "oauth2_provider_application" ("id" serial NOT NULL PRIMARY KEY, "client_id" varchar(100) NOT NULL UNIQUE, "redirect_uris" text NOT NULL, "client_type" varchar(32) NOT NULL, "authorization_grant_type" varchar(32) NOT NULL, "client_secret" varchar(255) NOT NULL, "name" varchar(255) NOT NULL, "user_id" integer NOT NULL); (params None)
DEBUG 2018-04-18 06:42:21 schema 11268 140500338472768 CREATE TABLE "oauth2_provider_accesstoken" ("id" serial NOT NULL PRIMARY KEY, "token" varchar(255) NOT NULL, "expires" timestamp with time zone NOT NULL, "scope" text NOT NULL, "application_id" integer NOT NULL, "user_id" integer NOT NULL); (params None)
DEBUG 2018-04-18 06:42:21 schema 11268 140500338472768 CREATE TABLE "oauth2_provider_grant" ("id" serial NOT NULL PRIMARY KEY, "code" varchar(255) NOT NULL, "expires" timestamp with time zone NOT NULL, "redirect_uri" varchar(255) NOT NULL, "scope" text NOT NULL, "application_id" integer NOT NULL, "user_id" integer NOT NULL); (params None)
DEBUG 2018-04-18 06:42:21 schema 11268 140500338472768 CREATE TABLE "oauth2_provider_refreshtoken" ("id" serial NOT NULL PRIMARY KEY, "token" varchar(255) NOT NULL, "access_token_id" integer NOT NULL UNIQUE, "application_id" integer NOT NULL, "user_id" integer NOT NULL); (params None)
DEBUG 2018-04-18 06:42:21 schema 11268 140500338472768 ALTER TABLE "oauth2_provider_application" ADD CONSTRAINT "oauth2_provider_application_user_id_79829054_fk_user_id" FOREIGN KEY ("user_id") REFERENCES "user" ("id") DEFERRABLE INITIALLY DEFERRED; (params ())
DEBUG 2018-04-18 06:42:21 schema 11268 140500338472768 CREATE INDEX "oauth2_provider_application_client_id_03f0cc84_like" ON "oauth2_provider_application" ("client_id" varchar_pattern_ops); (params ())
DEBUG 2018-04-18 06:42:21 schema 11268 140500338472768 CREATE INDEX "oauth2_provider_application_client_secret_53133678" ON "oauth2_provider_application" ("client_secret"); (params ())
DEBUG 2018-04-18 06:42:21 schema 11268 140500338472768 CREATE INDEX "oauth2_provider_application_client_secret_53133678_like" ON "oauth2_provider_application" ("client_secret" varchar_pattern_ops); (params ())
DEBUG 2018-04-18 06:42:21 schema 11268 140500338472768 CREATE INDEX "oauth2_provider_application_user_id_79829054" ON "oauth2_provider_application" ("user_id"); (params ())
DEBUG 2018-04-18 06:42:21 schema 11268 140500338472768 ALTER TABLE "oauth2_provider_accesstoken" ADD CONSTRAINT "oauth2_provider_acce_application_id_b22886e1_fk_oauth2_pr" FOREIGN KEY ("application_id") REFERENCES "oauth2_provider_application" ("id") DEFERRABLE INITIALLY DEFERRED; (params ())
DEBUG 2018-04-18 06:42:21 schema 11268 140500338472768 ALTER TABLE "oauth2_provider_accesstoken" ADD CONSTRAINT "oauth2_provider_accesstoken_user_id_6e4c9a65_fk_user_id" FOREIGN KEY ("user_id") REFERENCES "user" ("id") DEFERRABLE INITIALLY DEFERRED; (params ())
DEBUG 2018-04-18 06:42:21 schema 11268 140500338472768 CREATE INDEX "oauth2_provider_accesstoken_token_8af090f8" ON "oauth2_provider_accesstoken" ("token"); (params ())
DEBUG 2018-04-18 06:42:21 schema 11268 140500338472768 CREATE INDEX "oauth2_provider_accesstoken_token_8af090f8_like" ON "oauth2_provider_accesstoken" ("token" varchar_pattern_ops); (params ())
DEBUG 2018-04-18 06:42:21 schema 11268 140500338472768 CREATE INDEX "oauth2_provider_accesstoken_application_id_b22886e1" ON "oauth2_provider_accesstoken" ("application_id"); (params ())
DEBUG 2018-04-18 06:42:21 schema 11268 140500338472768 CREATE INDEX "oauth2_provider_accesstoken_user_id_6e4c9a65" ON "oauth2_provider_accesstoken" ("user_id"); (params ())
DEBUG 2018-04-18 06:42:21 schema 11268 140500338472768 ALTER TABLE "oauth2_provider_grant" ADD CONSTRAINT "oauth2_provider_gran_application_id_81923564_fk_oauth2_pr" FOREIGN KEY ("application_id") REFERENCES "oauth2_provider_application" ("id") DEFERRABLE INITIALLY DEFERRED; (params ())
DEBUG 2018-04-18 06:42:21 schema 11268 140500338472768 ALTER TABLE "oauth2_provider_grant" ADD CONSTRAINT "oauth2_provider_grant_user_id_e8f62af8_fk_user_id" FOREIGN KEY ("user_id") REFERENCES "user" ("id") DEFERRABLE INITIALLY DEFERRED; (params ())
DEBUG 2018-04-18 06:42:21 schema 11268 140500338472768 CREATE INDEX "oauth2_provider_grant_code_49ab4ddf" ON "oauth2_provider_grant" ("code"); (params ())
DEBUG 2018-04-18 06:42:21 schema 11268 140500338472768 CREATE INDEX "oauth2_provider_grant_code_49ab4ddf_like" ON "oauth2_provider_grant" ("code" varchar_pattern_ops); (params ())
DEBUG 2018-04-18 06:42:21 schema 11268 140500338472768 CREATE INDEX "oauth2_provider_grant_application_id_81923564" ON "oauth2_provider_grant" ("application_id"); (params ())
DEBUG 2018-04-18 06:42:21 schema 11268 140500338472768 CREATE INDEX "oauth2_provider_grant_user_id_e8f62af8" ON "oauth2_provider_grant" ("user_id"); (params ())
DEBUG 2018-04-18 06:42:21 schema 11268 140500338472768 ALTER TABLE "oauth2_provider_refreshtoken" ADD CONSTRAINT "oauth2_provider_refr_access_token_id_775e84e8_fk_oauth2_pr" FOREIGN KEY ("access_token_id") REFERENCES "oauth2_provider_accesstoken" ("id") DEFERRABLE INITIALLY DEFERRED; (params ())
DEBUG 2018-04-18 06:42:21 schema 11268 140500338472768 ALTER TABLE "oauth2_provider_refreshtoken" ADD CONSTRAINT "oauth2_provider_refr_application_id_2d1c311b_fk_oauth2_pr" FOREIGN KEY ("application_id") REFERENCES "oauth2_provider_application" ("id") DEFERRABLE INITIALLY DEFERRED; (params ())
DEBUG 2018-04-18 06:42:21 schema 11268 140500338472768 ALTER TABLE "oauth2_provider_refreshtoken" ADD CONSTRAINT "oauth2_provider_refreshtoken_user_id_da837fce_fk_user_id" FOREIGN KEY ("user_id") REFERENCES "user" ("id") DEFERRABLE INITIALLY DEFERRED; (params ())
DEBUG 2018-04-18 06:42:21 schema 11268 140500338472768 CREATE INDEX "oauth2_provider_refreshtoken_token_d090daa4" ON "oauth2_provider_refreshtoken" ("token"); (params ())
DEBUG 2018-04-18 06:42:21 schema 11268 140500338472768 CREATE INDEX "oauth2_provider_refreshtoken_token_d090daa4_like" ON "oauth2_provider_refreshtoken" ("token" varchar_pattern_ops); (params ())
DEBUG 2018-04-18 06:42:21 schema 11268 140500338472768 CREATE INDEX "oauth2_provider_refreshtoken_application_id_2d1c311b" ON "oauth2_provider_refreshtoken" ("application_id"); (params ())
DEBUG 2018-04-18 06:42:21 schema 11268 140500338472768 CREATE INDEX "oauth2_provider_refreshtoken_user_id_da837fce" ON "oauth2_provider_refreshtoken" ("user_id"); (params ())
DEBUG 2018-04-18 06:42:22 schema 11268 140500338472768 ALTER TABLE "companymeta" RENAME COLUMN "monthly_reporting_last_period_status" TO "monthly_reporting_current_period_status"; (params ())
DEBUG 2018-04-18 06:42:22 schema 11268 140500338472768 ALTER TABLE "companymeta" ADD COLUMN "qb_desktop_installed" boolean DEFAULT %s NOT NULL; (params [False])
DEBUG 2018-04-18 06:42:22 schema 11268 140500338472768 ALTER TABLE "companymeta" ALTER COLUMN "qb_desktop_installed" DROP DEFAULT; (params ())
DEBUG 2018-04-18 06:42:22 schema 11268 140500338472768 ALTER TABLE "companymeta" ADD COLUMN "signoff_by_name" varchar(100) NULL; (params [])
DEBUG 2018-04-18 06:42:22 schema 11268 140500338472768 ALTER TABLE "companymeta" ADD COLUMN "signoff_by_title" varchar(100) NULL; (params [])
DEBUG 2018-04-18 06:42:22 schema 11268 140500338472768 ALTER TABLE "companymeta" ADD COLUMN "signoff_date" date NULL; (params [])
DEBUG 2018-04-18 06:42:22 schema 11268 140500338472768 ALTER TABLE "companymeta" ALTER COLUMN "last_page" TYPE varchar(200) USING "last_page"::varchar(200); (params [])
DEBUG 2018-04-18 06:42:22 schema 11268 140500338472768 ALTER TABLE "companymeta" DROP COLUMN "signoff_by_name" CASCADE; (params ())
DEBUG 2018-04-18 06:42:22 schema 11268 140500338472768 ALTER TABLE "companymeta" DROP COLUMN "signoff_by_title" CASCADE; (params ())
DEBUG 2018-04-18 06:42:22 schema 11268 140500338472768 ALTER TABLE "companymeta" DROP COLUMN "signoff_date" CASCADE; (params ())
DEBUG 2018-04-18 06:42:22 schema 11268 140500338472768 ALTER TABLE "user" ADD COLUMN "role" varchar(100) DEFAULT %s NOT NULL; (params [''])
DEBUG 2018-04-18 06:42:22 schema 11268 140500338472768 ALTER TABLE "user" ALTER COLUMN "role" DROP DEFAULT; (params ())
DEBUG 2018-04-18 06:42:22 schema 11268 140500338472768 ALTER TABLE "companymeta" ADD COLUMN "trialbalance_dl_complete" boolean DEFAULT %s NOT NULL; (params [False])
DEBUG 2018-04-18 06:42:23 schema 11268 140500338472768 ALTER TABLE "companymeta" ALTER COLUMN "trialbalance_dl_complete" DROP DEFAULT; (params ())
DEBUG 2018-04-18 06:42:23 schema 11268 140500338472768 ALTER TABLE "companymeta" ADD COLUMN "chartofaccounts_last_refresh_date" date NULL; (params [])
DEBUG 2018-04-18 06:42:23 schema 11268 140500338472768 ALTER TABLE "companymeta" ADD COLUMN "trialbalance_last_refresh_date" date NULL; (params [])
DEBUG 2018-04-18 06:42:23 schema 11268 140500338472768 ALTER TABLE "company" ADD COLUMN "current_fiscal_year_end" date NULL; (params [])
DEBUG 2018-04-18 06:42:23 schema 11268 140500338472768 ALTER TABLE "company" ADD COLUMN "parent_company_id" integer NULL; (params [])
DEBUG 2018-04-18 06:42:23 schema 11268 140500338472768 CREATE INDEX "company_parent_company_id_ecf5ca6e" ON "company" ("parent_company_id"); (params ())
DEBUG 2018-04-18 06:42:23 schema 11268 140500338472768 ALTER TABLE "company" ADD CONSTRAINT "company_parent_company_id_ecf5ca6e_fk_company_id" FOREIGN KEY ("parent_company_id") REFERENCES "company" ("id") DEFERRABLE INITIALLY DEFERRED; (params ())
DEBUG 2018-04-18 06:42:23 schema 11268 140500338472768 CREATE TABLE "fiscalyearend" ("id" serial NOT NULL PRIMARY KEY, "fye_start_date" date NOT NULL, "fye_end_date" date NOT NULL, "label" varchar(60) NOT NULL, "last_update_date" timestamp with time zone NULL, "company_id" integer NOT NULL); (params None)
DEBUG 2018-04-18 06:42:23 schema 11268 140500338472768 ALTER TABLE "fiscalyearend" ADD CONSTRAINT "fiscalyearend_company_id_4fb3a72f_fk_company_id" FOREIGN KEY ("company_id") REFERENCES "company" ("id") DEFERRABLE INITIALLY DEFERRED; (params ())
DEBUG 2018-04-18 06:42:23 schema 11268 140500338472768 CREATE INDEX "fiscalyearend_company_id_4fb3a72f" ON "fiscalyearend" ("company_id"); (params ())
DEBUG 2018-04-18 06:42:23 schema 11268 140500338472768 CREATE TABLE "forgot_password_request" ("id" serial NOT NULL PRIMARY KEY, "email" varchar(100) NOT NULL, "token" varchar(100) NULL, "request_time" timestamp with time zone NULL, "expiry_time" integer NULL); (params None)
DEBUG 2018-04-18 06:42:23 schema 11268 140500338472768 CREATE TABLE "accounts_usersession" ("id" serial NOT NULL PRIMARY KEY, "start_time" timestamp with time zone NOT NULL, "end_time" timestamp with time zone NOT NULL, "is_first_time" boolean NOT NULL, "auth_key_id" integer NULL); (params None)
DEBUG 2018-04-18 06:42:23 schema 11268 140500338472768 ALTER TABLE "company" ADD COLUMN "auth_key" varchar(500) DEFAULT %s NOT NULL; (params [''])
DEBUG 2018-04-18 06:42:23 schema 11268 140500338472768 ALTER TABLE "company" ALTER COLUMN "auth_key" DROP DEFAULT; (params ())
DEBUG 2018-04-18 06:42:23 schema 11268 140500338472768 ALTER TABLE "company" ADD COLUMN "secret_key" varchar(500) DEFAULT %s NOT NULL; (params [''])
DEBUG 2018-04-18 06:42:24 schema 11268 140500338472768 ALTER TABLE "company" ALTER COLUMN "secret_key" DROP DEFAULT; (params ())
DEBUG 2018-04-18 06:42:24 schema 11268 140500338472768 ALTER TABLE "user" ADD COLUMN "is_session_active" boolean DEFAULT %s NOT NULL; (params [False])
DEBUG 2018-04-18 06:42:24 schema 11268 140500338472768 ALTER TABLE "user" ALTER COLUMN "is_session_active" DROP DEFAULT; (params ())
DEBUG 2018-04-18 06:42:24 schema 11268 140500338472768 ALTER TABLE "company" ALTER COLUMN "employee_count" SET DEFAULT %s; (params [0])
DEBUG 2018-04-18 06:42:24 schema 11268 140500338472768 ALTER TABLE "company" ALTER COLUMN "employee_count" DROP DEFAULT; (params ())
DEBUG 2018-04-18 06:42:24 schema 11268 140500338472768 ALTER TABLE "accounts_usersession" ADD COLUMN "user_id" integer NOT NULL; (params [])
DEBUG 2018-04-18 06:42:24 schema 11268 140500338472768 ALTER TABLE "forgot_password_request" ADD COLUMN "user_id" integer NULL; (params [])
DEBUG 2018-04-18 06:42:24 schema 11268 140500338472768 ALTER TABLE "accounts_usersession" ADD CONSTRAINT "accounts_usersession_auth_key_id_ba655450_fk_oauth2_pr" FOREIGN KEY ("auth_key_id") REFERENCES "oauth2_provider_accesstoken" ("id") DEFERRABLE INITIALLY DEFERRED; (params ())
DEBUG 2018-04-18 06:42:24 schema 11268 140500338472768 CREATE INDEX "accounts_usersession_auth_key_id_ba655450" ON "accounts_usersession" ("auth_key_id"); (params ())
DEBUG 2018-04-18 06:42:24 schema 11268 140500338472768 CREATE INDEX "accounts_usersession_user_id_567c9519" ON "accounts_usersession" ("user_id"); (params ())
DEBUG 2018-04-18 06:42:24 schema 11268 140500338472768 ALTER TABLE "accounts_usersession" ADD CONSTRAINT "accounts_usersession_user_id_567c9519_fk_user_id" FOREIGN KEY ("user_id") REFERENCES "user" ("id") DEFERRABLE INITIALLY DEFERRED; (params ())
DEBUG 2018-04-18 06:42:24 schema 11268 140500338472768 CREATE INDEX "forgot_password_request_user_id_c1fc1a38" ON "forgot_password_request" ("user_id"); (params ())
DEBUG 2018-04-18 06:42:24 schema 11268 140500338472768 ALTER TABLE "forgot_password_request" ADD CONSTRAINT "forgot_password_request_user_id_c1fc1a38_fk_user_id" FOREIGN KEY ("user_id") REFERENCES "user" ("id") DEFERRABLE INITIALLY DEFERRED; (params ())
DEBUG 2018-04-18 06:42:24 schema 11268 140500338472768 ALTER TABLE "company" ADD COLUMN "is_tag_error_notified" boolean DEFAULT %s NOT NULL; (params [False])
DEBUG 2018-04-18 06:42:25 schema 11268 140500338472768 ALTER TABLE "company" ALTER COLUMN "is_tag_error_notified" DROP DEFAULT; (params ())
DEBUG 2018-04-18 06:42:25 schema 11268 140500338472768 ALTER TABLE "fiscalyearend" ADD COLUMN "is_active" boolean DEFAULT %s NOT NULL; (params [True])
DEBUG 2018-04-18 06:42:25 schema 11268 140500338472768 ALTER TABLE "fiscalyearend" ALTER COLUMN "is_active" DROP DEFAULT; (params ())
DEBUG 2018-04-18 06:42:25 schema 11268 140500338472768 ALTER TABLE "forgot_password_request" ADD COLUMN "is_expired" boolean DEFAULT %s NOT NULL; (params [False])
DEBUG 2018-04-18 06:42:25 schema 11268 140500338472768 ALTER TABLE "forgot_password_request" ALTER COLUMN "is_expired" DROP DEFAULT; (params ())
DEBUG 2018-04-18 06:42:25 schema 11268 140500338472768 ALTER TABLE "fiscalyearend" RENAME TO "accounts_fiscalyearend"; (params ())
DEBUG 2018-04-18 06:42:25 schema 11268 140500338472768 ALTER TABLE "companymeta" ALTER COLUMN "accounting_setup_status" TYPE varchar(50) USING "accounting_setup_status"::varchar(50); (params [])
DEBUG 2018-04-18 06:42:25 schema 11268 140500338472768 ALTER TABLE "company" ALTER COLUMN "secret_key" TYPE text USING "secret_key"::text; (params [])
DEBUG 2018-04-18 06:42:25 schema 11268 140500338472768 CREATE TABLE "companyaccountingconfiguration" ("id" serial NOT NULL PRIMARY KEY, "xero_accounting_type" varchar(50) NOT NULL, "auth_key" varchar(500) NOT NULL, "secret_key" text NOT NULL); (params None)
DEBUG 2018-04-18 06:42:25 schema 11268 140500338472768 ALTER TABLE "company" DROP COLUMN "auth_key" CASCADE; (params ())
DEBUG 2018-04-18 06:42:25 schema 11268 140500338472768 ALTER TABLE "company" DROP COLUMN "secret_key" CASCADE; (params ())
DEBUG 2018-04-18 06:42:25 schema 11268 140500338472768 ALTER TABLE "company" ALTER COLUMN "accounting_type" SET DEFAULT %s; (params ['quickbooks'])
DEBUG 2018-04-18 06:42:25 schema 11268 140500338472768 ALTER TABLE "company" ALTER COLUMN "accounting_type" DROP DEFAULT; (params ())
DEBUG 2018-04-18 06:42:25 schema 11268 140500338472768 ALTER TABLE "companyaccountingconfiguration" ADD COLUMN "company_id" integer NOT NULL; (params [])
DEBUG 2018-04-18 06:42:25 schema 11268 140500338472768 CREATE INDEX "companyaccountingconfiguration_company_id_58334897" ON "companyaccountingconfiguration" ("company_id"); (params ())
DEBUG 2018-04-18 06:42:25 schema 11268 140500338472768 ALTER TABLE "companyaccountingconfiguration" ADD CONSTRAINT "companyaccountingcon_company_id_58334897_fk_company_i" FOREIGN KEY ("company_id") REFERENCES "company" ("id") DEFERRABLE INITIALLY DEFERRED; (params ())
DEBUG 2018-04-18 06:42:25 schema 11268 140500338472768 ALTER TABLE "companyaccountingconfiguration" ALTER COLUMN "auth_key" DROP NOT NULL; (params [])
DEBUG 2018-04-18 06:42:25 schema 11268 140500338472768 ALTER TABLE "companyaccountingconfiguration" ALTER COLUMN "secret_key" DROP NOT NULL; (params [])
DEBUG 2018-04-18 06:42:26 schema 11268 140500338472768 ALTER TABLE "companyaccountingconfiguration" ALTER COLUMN "xero_accounting_type" DROP NOT NULL; (params [])
DEBUG 2018-04-18 06:42:26 schema 11268 140500338472768 CREATE TABLE "accountingconfiguration" ("id" serial NOT NULL PRIMARY KEY, "accounting_type" varchar(60) NOT NULL, "xero_accounting_type" varchar(50) NULL, "auth_key" varchar(500) NULL, "secret_key" text NULL); (params None)
DEBUG 2018-04-18 06:42:26 schema 11268 140500338472768 SET CONSTRAINTS "companyaccountingcon_company_id_58334897_fk_company_i" IMMEDIATE; ALTER TABLE "companyaccountingconfiguration" DROP CONSTRAINT "companyaccountingcon_company_id_58334897_fk_company_i"; (params ())
DEBUG 2018-04-18 06:42:26 schema 11268 140500338472768 ALTER TABLE "companyaccountingconfiguration" DROP COLUMN "company_id" CASCADE; (params ())
DEBUG 2018-04-18 06:42:26 schema 11268 140500338472768 DROP TABLE "companyaccountingconfiguration" CASCADE; (params ())
DEBUG 2018-04-18 06:42:26 schema 11268 140500338472768 ALTER TABLE "accountingconfiguration" ADD COLUMN "is_active" boolean DEFAULT %s NOT NULL; (params [True])
DEBUG 2018-04-18 06:42:26 schema 11268 140500338472768 ALTER TABLE "accountingconfiguration" ALTER COLUMN "is_active" DROP DEFAULT; (params ())
DEBUG 2018-04-18 06:42:26 schema 11268 140500338472768 ALTER TABLE "accountingconfiguration" ALTER COLUMN "xero_accounting_type" SET DEFAULT %s; (params ['PUBLIC'])
DEBUG 2018-04-18 06:42:26 schema 11268 140500338472768 ALTER TABLE "accountingconfiguration" ALTER COLUMN "xero_accounting_type" DROP DEFAULT; (params ())
DEBUG 2018-04-18 06:42:26 schema 11268 140500338472768 ALTER TABLE "accountingconfiguration" RENAME COLUMN "auth_key" TO "client_id"; (params ())
DEBUG 2018-04-18 06:42:26 schema 11268 140500338472768 ALTER TABLE "accountingconfiguration" RENAME COLUMN "secret_key" TO "client_secret"; (params ())
DEBUG 2018-04-18 06:42:26 schema 11268 140500338472768 ALTER TABLE "accountingconfiguration" RENAME COLUMN "xero_accounting_type" TO "type"; (params ())
DEBUG 2018-04-18 06:42:26 schema 11268 140500338472768 CREATE TABLE "accounts_loggedinuser" ("id" serial NOT NULL PRIMARY KEY); (params None)
DEBUG 2018-04-18 06:42:26 schema 11268 140500338472768 CREATE TABLE "accounts_scheduledmaintenance" ("id" serial NOT NULL PRIMARY KEY, "message" text NOT NULL, "start_time" timestamp with time zone NOT NULL, "end_time" timestamp with time zone NOT NULL, "is_active" boolean NOT NULL); (params None)
DEBUG 2018-04-18 06:42:26 schema 11268 140500338472768 ALTER TABLE "user" ADD COLUMN "enforce_tfa_enabled" boolean DEFAULT %s NOT NULL; (params [False])
DEBUG 2018-04-18 06:42:26 schema 11268 140500338472768 ALTER TABLE "user" ALTER COLUMN "enforce_tfa_enabled" DROP DEFAULT; (params ())
DEBUG 2018-04-18 06:42:26 schema 11268 140500338472768 ALTER TABLE "user" ADD COLUMN "is_logged_in" boolean DEFAULT %s NOT NULL; (params [False])
DEBUG 2018-04-18 06:42:27 schema 11268 140500338472768 ALTER TABLE "user" ALTER COLUMN "is_logged_in" DROP DEFAULT; (params ())
DEBUG 2018-04-18 06:42:27 schema 11268 140500338472768 ALTER TABLE "user" ADD COLUMN "is_tfa_enabled" boolean DEFAULT %s NOT NULL; (params [False])
DEBUG 2018-04-18 06:42:27 schema 11268 140500338472768 ALTER TABLE "user" ALTER COLUMN "is_tfa_enabled" DROP DEFAULT; (params ())
DEBUG 2018-04-18 06:42:27 schema 11268 140500338472768 ALTER TABLE "user" ADD COLUMN "is_tfa_setup_completed" boolean DEFAULT %s NOT NULL; (params [False])
DEBUG 2018-04-18 06:42:27 schema 11268 140500338472768 ALTER TABLE "user" ALTER COLUMN "is_tfa_setup_completed" DROP DEFAULT; (params ())
DEBUG 2018-04-18 06:42:27 schema 11268 140500338472768 ALTER TABLE "user" ADD COLUMN "tfa_secret_code" varchar(100) NULL; (params [])
DEBUG 2018-04-18 06:42:27 schema 11268 140500338472768 ALTER TABLE "user" ADD COLUMN "tour_guide_enabled" boolean DEFAULT %s NOT NULL; (params [True])
DEBUG 2018-04-18 06:42:27 schema 11268 140500338472768 ALTER TABLE "user" ALTER COLUMN "tour_guide_enabled" DROP DEFAULT; (params ())
DEBUG 2018-04-18 06:42:27 schema 11268 140500338472768 ALTER TABLE "accountingconfiguration" ALTER COLUMN "accounting_type" SET DEFAULT %s; (params ['Quickbooks'])
DEBUG 2018-04-18 06:42:27 schema 11268 140500338472768 ALTER TABLE "accountingconfiguration" ALTER COLUMN "accounting_type" DROP DEFAULT; (params ())
DEBUG 2018-04-18 06:42:27 schema 11268 140500338472768 ALTER TABLE "company" ALTER COLUMN "accounting_type" SET DEFAULT %s; (params ['Quickbooks'])
DEBUG 2018-04-18 06:42:27 schema 11268 140500338472768 ALTER TABLE "company" ALTER COLUMN "accounting_type" DROP DEFAULT; (params ())
DEBUG 2018-04-18 06:42:27 schema 11268 140500338472768 ALTER TABLE "accounts_loggedinuser" ADD COLUMN "user_id" integer NOT NULL; (params [])
DEBUG 2018-04-18 06:42:27 schema 11268 140500338472768 CREATE INDEX "accounts_loggedinuser_user_id_a35f46e4" ON "accounts_loggedinuser" ("user_id"); (params ())
DEBUG 2018-04-18 06:42:27 schema 11268 140500338472768 ALTER TABLE "accounts_loggedinuser" ADD CONSTRAINT "accounts_loggedinuser_user_id_a35f46e4_fk_user_id" FOREIGN KEY ("user_id") REFERENCES "user" ("id") DEFERRABLE INITIALLY DEFERRED; (params ())
DEBUG 2018-04-18 06:42:27 schema 11268 140500338472768 CREATE TABLE "django_admin_log" ("id" serial NOT NULL PRIMARY KEY, "action_time" timestamp with time zone NOT NULL, "object_id" text NULL, "object_repr" varchar(200) NOT NULL, "action_flag" smallint NOT NULL CHECK ("action_flag" >= 0), "change_message" text NOT NULL, "content_type_id" integer NULL, "user_id" integer NOT NULL); (params None)
DEBUG 2018-04-18 06:42:28 schema 11268 140500338472768 ALTER TABLE "django_admin_log" ADD CONSTRAINT "django_admin_log_content_type_id_c4bce8eb_fk_django_co" FOREIGN KEY ("content_type_id") REFERENCES "django_content_type" ("id") DEFERRABLE INITIALLY DEFERRED; (params ())
DEBUG 2018-04-18 06:42:28 schema 11268 140500338472768 ALTER TABLE "django_admin_log" ADD CONSTRAINT "django_admin_log_user_id_c564eba6_fk_user_id" FOREIGN KEY ("user_id") REFERENCES "user" ("id") DEFERRABLE INITIALLY DEFERRED; (params ())
DEBUG 2018-04-18 06:42:28 schema 11268 140500338472768 CREATE INDEX "django_admin_log_content_type_id_c4bce8eb" ON "django_admin_log" ("content_type_id"); (params ())
DEBUG 2018-04-18 06:42:28 schema 11268 140500338472768 CREATE INDEX "django_admin_log_user_id_c564eba6" ON "django_admin_log" ("user_id"); (params ())
DEBUG 2018-04-18 06:42:28 schema 11268 140500338472768 ALTER TABLE "django_admin_log" ALTER COLUMN "action_time" SET DEFAULT %s; (params [datetime.datetime(2018, 4, 18, 6, 42, 28, 235925, tzinfo=<UTC>)])
DEBUG 2018-04-18 06:42:28 schema 11268 140500338472768 ALTER TABLE "django_admin_log" ALTER COLUMN "action_time" DROP DEFAULT; (params ())
DEBUG 2018-04-18 06:42:28 schema 11268 140500338472768 ALTER TABLE "oauth2_provider_application" ADD COLUMN "skip_authorization" boolean DEFAULT %s NOT NULL; (params [False])
DEBUG 2018-04-18 06:42:28 schema 11268 140500338472768 ALTER TABLE "oauth2_provider_application" ALTER COLUMN "skip_authorization" DROP DEFAULT; (params ())
DEBUG 2018-04-18 06:42:28 schema 11268 140500338472768 SET CONSTRAINTS "oauth2_provider_application_user_id_79829054_fk_user_id" IMMEDIATE; ALTER TABLE "oauth2_provider_application" DROP CONSTRAINT "oauth2_provider_application_user_id_79829054_fk_user_id"; (params ())
DEBUG 2018-04-18 06:42:28 schema 11268 140500338472768 ALTER TABLE "oauth2_provider_application" ADD CONSTRAINT "oauth2_provider_application_user_id_79829054_fk_user_id" FOREIGN KEY ("user_id") REFERENCES "user" ("id") DEFERRABLE INITIALLY DEFERRED; (params ())
DEBUG 2018-04-18 06:42:28 schema 11268 140500338472768 SET CONSTRAINTS "oauth2_provider_accesstoken_user_id_6e4c9a65_fk_user_id" IMMEDIATE; ALTER TABLE "oauth2_provider_accesstoken" DROP CONSTRAINT "oauth2_provider_accesstoken_user_id_6e4c9a65_fk_user_id"; (params ())
DEBUG 2018-04-18 06:42:28 schema 11268 140500338472768 ALTER TABLE "oauth2_provider_accesstoken" ALTER COLUMN "user_id" DROP NOT NULL; (params [])
DEBUG 2018-04-18 06:42:28 schema 11268 140500338472768 ALTER TABLE "oauth2_provider_accesstoken" ADD CONSTRAINT "oauth2_provider_accesstoken_user_id_6e4c9a65_fk_user_id" FOREIGN KEY ("user_id") REFERENCES "user" ("id") DEFERRABLE INITIALLY DEFERRED; (params ())
DEBUG 2018-04-18 06:42:28 schema 11268 140500338472768 SET CONSTRAINTS "oauth2_provider_application_user_id_79829054_fk_user_id" IMMEDIATE; ALTER TABLE "oauth2_provider_application" DROP CONSTRAINT "oauth2_provider_application_user_id_79829054_fk_user_id"; (params ())
DEBUG 2018-04-18 06:42:28 schema 11268 140500338472768 ALTER TABLE "oauth2_provider_application" ALTER COLUMN "user_id" DROP NOT NULL; (params [])
DEBUG 2018-04-18 06:42:28 schema 11268 140500338472768 ALTER TABLE "oauth2_provider_application" ADD CONSTRAINT "oauth2_provider_application_user_id_79829054_fk_user_id" FOREIGN KEY ("user_id") REFERENCES "user" ("id") DEFERRABLE INITIALLY DEFERRED; (params ())
DEBUG 2018-04-18 06:42:28 schema 11268 140500338472768 DROP INDEX "oauth2_provider_accesstoken_token_8af090f8"; (params ())
DEBUG 2018-04-18 06:42:28 schema 11268 140500338472768 DROP INDEX "oauth2_provider_accesstoken_token_8af090f8_like"; (params ())
DEBUG 2018-04-18 06:42:28 schema 11268 140500338472768 ALTER TABLE "oauth2_provider_accesstoken" ADD CONSTRAINT "oauth2_provider_accesstoken_token_8af090f8_uniq" UNIQUE ("token"); (params ())
DEBUG 2018-04-18 06:42:28 schema 11268 140500338472768 CREATE INDEX "oauth2_provider_accesstoken_token_8af090f8_like" ON "oauth2_provider_accesstoken" ("token" varchar_pattern_ops); (params ())
DEBUG 2018-04-18 06:42:28 schema 11268 140500338472768 DROP INDEX "oauth2_provider_grant_code_49ab4ddf"; (params ())
DEBUG 2018-04-18 06:42:28 schema 11268 140500338472768 DROP INDEX "oauth2_provider_grant_code_49ab4ddf_like"; (params ())
DEBUG 2018-04-18 06:42:28 schema 11268 140500338472768 ALTER TABLE "oauth2_provider_grant" ADD CONSTRAINT "oauth2_provider_grant_code_49ab4ddf_uniq" UNIQUE ("code"); (params ())
DEBUG 2018-04-18 06:42:28 schema 11268 140500338472768 CREATE INDEX "oauth2_provider_grant_code_49ab4ddf_like" ON "oauth2_provider_grant" ("code" varchar_pattern_ops); (params ())
DEBUG 2018-04-18 06:42:29 schema 11268 140500338472768 DROP INDEX "oauth2_provider_refreshtoken_token_d090daa4"; (params ())
DEBUG 2018-04-18 06:42:29 schema 11268 140500338472768 DROP INDEX "oauth2_provider_refreshtoken_token_d090daa4_like"; (params ())
DEBUG 2018-04-18 06:42:29 schema 11268 140500338472768 ALTER TABLE "oauth2_provider_refreshtoken" ADD CONSTRAINT "oauth2_provider_refreshtoken_token_d090daa4_uniq" UNIQUE ("token"); (params ())
DEBUG 2018-04-18 06:42:29 schema 11268 140500338472768 CREATE INDEX "oauth2_provider_refreshtoken_token_d090daa4_like" ON "oauth2_provider_refreshtoken" ("token" varchar_pattern_ops); (params ())
DEBUG 2018-04-18 06:42:29 schema 11268 140500338472768 SET CONSTRAINTS "oauth2_provider_acce_application_id_b22886e1_fk_oauth2_pr" IMMEDIATE; ALTER TABLE "oauth2_provider_accesstoken" DROP CONSTRAINT "oauth2_provider_acce_application_id_b22886e1_fk_oauth2_pr"; (params ())
DEBUG 2018-04-18 06:42:29 schema 11268 140500338472768 ALTER TABLE "oauth2_provider_accesstoken" ALTER COLUMN "application_id" DROP NOT NULL; (params [])
DEBUG 2018-04-18 06:42:29 schema 11268 140500338472768 ALTER TABLE "oauth2_provider_accesstoken" ADD CONSTRAINT "oauth2_provider_acce_application_id_b22886e1_fk_oauth2_pr" FOREIGN KEY ("application_id") REFERENCES "oauth2_provider_application" ("id") DEFERRABLE INITIALLY DEFERRED; (params ())
DEBUG 2018-04-18 06:42:29 schema 11268 140500338472768 SET CONSTRAINTS "oauth2_provider_refr_access_token_id_775e84e8_fk_oauth2_pr" IMMEDIATE; ALTER TABLE "oauth2_provider_refreshtoken" DROP CONSTRAINT "oauth2_provider_refr_access_token_id_775e84e8_fk_oauth2_pr"; (params ())
DEBUG 2018-04-18 06:42:29 schema 11268 140500338472768 ALTER TABLE "oauth2_provider_accesstoken" ALTER COLUMN "id" TYPE bigint USING "id"::bigint; (params [])
DEBUG 2018-04-18 06:42:29 schema 11268 140500338472768 DROP SEQUENCE IF EXISTS "oauth2_provider_accesstoken_id_seq" CASCADE; (params [])
DEBUG 2018-04-18 06:42:29 schema 11268 140500338472768 CREATE SEQUENCE "oauth2_provider_accesstoken_id_seq"; (params [])
DEBUG 2018-04-18 06:42:29 schema 11268 140500338472768 ALTER TABLE "oauth2_provider_accesstoken" ALTER COLUMN "id" SET DEFAULT nextval('"oauth2_provider_accesstoken_id_seq"'); (params [])
DEBUG 2018-04-18 06:42:29 schema 11268 140500338472768 SELECT setval('"oauth2_provider_accesstoken_id_seq"', MAX("id")) FROM "oauth2_provider_accesstoken"; (params [])
DEBUG 2018-04-18 06:42:29 schema 11268 140500338472768 ALTER TABLE "oauth2_provider_refreshtoken" ALTER COLUMN "access_token_id" TYPE bigint USING "access_token_id"::bigint; (params [])
DEBUG 2018-04-18 06:42:29 schema 11268 140500338472768 ALTER TABLE "oauth2_provider_refreshtoken" ADD CONSTRAINT "oauth2_provider_refreshtoken_access_token_id_775e84e8_fk" FOREIGN KEY ("access_token_id") REFERENCES "oauth2_provider_accesstoken" ("id") DEFERRABLE INITIALLY DEFERRED; (params ())
DEBUG 2018-04-18 06:42:29 schema 11268 140500338472768 SET CONSTRAINTS "oauth2_provider_accesstoken_user_id_6e4c9a65_fk_user_id" IMMEDIATE; ALTER TABLE "oauth2_provider_accesstoken" DROP CONSTRAINT "oauth2_provider_accesstoken_user_id_6e4c9a65_fk_user_id"; (params ())
DEBUG 2018-04-18 06:42:29 schema 11268 140500338472768 ALTER TABLE "oauth2_provider_accesstoken" ADD CONSTRAINT "oauth2_provider_accesstoken_user_id_6e4c9a65_fk_user_id" FOREIGN KEY ("user_id") REFERENCES "user" ("id") DEFERRABLE INITIALLY DEFERRED; (params ())
DEBUG 2018-04-18 06:42:29 schema 11268 140500338472768 SET CONSTRAINTS "oauth2_provider_refr_application_id_2d1c311b_fk_oauth2_pr" IMMEDIATE; ALTER TABLE "oauth2_provider_refreshtoken" DROP CONSTRAINT "oauth2_provider_refr_application_id_2d1c311b_fk_oauth2_pr"; (params ())
DEBUG 2018-04-18 06:42:29 schema 11268 140500338472768 SET CONSTRAINTS "oauth2_provider_gran_application_id_81923564_fk_oauth2_pr" IMMEDIATE; ALTER TABLE "oauth2_provider_grant" DROP CONSTRAINT "oauth2_provider_gran_application_id_81923564_fk_oauth2_pr"; (params ())
DEBUG 2018-04-18 06:42:29 schema 11268 140500338472768 SET CONSTRAINTS "oauth2_provider_acce_application_id_b22886e1_fk_oauth2_pr" IMMEDIATE; ALTER TABLE "oauth2_provider_accesstoken" DROP CONSTRAINT "oauth2_provider_acce_application_id_b22886e1_fk_oauth2_pr"; (params ())
DEBUG 2018-04-18 06:42:29 schema 11268 140500338472768 ALTER TABLE "oauth2_provider_application" ALTER COLUMN "id" TYPE bigint USING "id"::bigint; (params [])
DEBUG 2018-04-18 06:42:30 schema 11268 140500338472768 DROP SEQUENCE IF EXISTS "oauth2_provider_application_id_seq" CASCADE; (params [])
DEBUG 2018-04-18 06:42:30 schema 11268 140500338472768 CREATE SEQUENCE "oauth2_provider_application_id_seq"; (params [])
DEBUG 2018-04-18 06:42:30 schema 11268 140500338472768 ALTER TABLE "oauth2_provider_application" ALTER COLUMN "id" SET DEFAULT nextval('"oauth2_provider_application_id_seq"'); (params [])
DEBUG 2018-04-18 06:42:30 schema 11268 140500338472768 SELECT setval('"oauth2_provider_application_id_seq"', MAX("id")) FROM "oauth2_provider_application"; (params [])
DEBUG 2018-04-18 06:42:30 schema 11268 140500338472768 ALTER TABLE "oauth2_provider_refreshtoken" ALTER COLUMN "application_id" TYPE bigint USING "application_id"::bigint; (params [])
DEBUG 2018-04-18 06:42:30 schema 11268 140500338472768 ALTER TABLE "oauth2_provider_grant" ALTER COLUMN "application_id" TYPE bigint USING "application_id"::bigint; (params [])
DEBUG 2018-04-18 06:42:30 schema 11268 140500338472768 ALTER TABLE "oauth2_provider_accesstoken" ALTER COLUMN "application_id" TYPE bigint USING "application_id"::bigint; (params [])
DEBUG 2018-04-18 06:42:30 schema 11268 140500338472768 ALTER TABLE "oauth2_provider_refreshtoken" ADD CONSTRAINT "oauth2_provider_refreshtoken_application_id_2d1c311b_fk" FOREIGN KEY ("application_id") REFERENCES "oauth2_provider_application" ("id") DEFERRABLE INITIALLY DEFERRED; (params ())
DEBUG 2018-04-18 06:42:30 schema 11268 140500338472768 ALTER TABLE "oauth2_provider_grant" ADD CONSTRAINT "oauth2_provider_grant_application_id_81923564_fk" FOREIGN KEY ("application_id") REFERENCES "oauth2_provider_application" ("id") DEFERRABLE INITIALLY DEFERRED; (params ())
DEBUG 2018-04-18 06:42:30 schema 11268 140500338472768 ALTER TABLE "oauth2_provider_accesstoken" ADD CONSTRAINT "oauth2_provider_accesstoken_application_id_b22886e1_fk" FOREIGN KEY ("application_id") REFERENCES "oauth2_provider_application" ("id") DEFERRABLE INITIALLY DEFERRED; (params ())
DEBUG 2018-04-18 06:42:31 schema 11268 140500338472768 ALTER TABLE "oauth2_provider_grant" ALTER COLUMN "id" TYPE bigint USING "id"::bigint; (params [])
DEBUG 2018-04-18 06:42:31 schema 11268 140500338472768 DROP SEQUENCE IF EXISTS "oauth2_provider_grant_id_seq" CASCADE; (params [])
DEBUG 2018-04-18 06:42:31 schema 11268 140500338472768 CREATE SEQUENCE "oauth2_provider_grant_id_seq"; (params [])
DEBUG 2018-04-18 06:42:31 schema 11268 140500338472768 ALTER TABLE "oauth2_provider_grant" ALTER COLUMN "id" SET DEFAULT nextval('"oauth2_provider_grant_id_seq"'); (params [])
DEBUG 2018-04-18 06:42:31 schema 11268 140500338472768 SELECT setval('"oauth2_provider_grant_id_seq"', MAX("id")) FROM "oauth2_provider_grant"; (params [])
DEBUG 2018-04-18 06:42:31 schema 11268 140500338472768 SET CONSTRAINTS "oauth2_provider_grant_user_id_e8f62af8_fk_user_id" IMMEDIATE; ALTER TABLE "oauth2_provider_grant" DROP CONSTRAINT "oauth2_provider_grant_user_id_e8f62af8_fk_user_id"; (params ())
DEBUG 2018-04-18 06:42:31 schema 11268 140500338472768 ALTER TABLE "oauth2_provider_grant" ADD CONSTRAINT "oauth2_provider_grant_user_id_e8f62af8_fk_user_id" FOREIGN KEY ("user_id") REFERENCES "user" ("id") DEFERRABLE INITIALLY DEFERRED; (params ())
DEBUG 2018-04-18 06:42:31 schema 11268 140500338472768 ALTER TABLE "oauth2_provider_refreshtoken" ALTER COLUMN "id" TYPE bigint USING "id"::bigint; (params [])
DEBUG 2018-04-18 06:42:31 schema 11268 140500338472768 DROP SEQUENCE IF EXISTS "oauth2_provider_refreshtoken_id_seq" CASCADE; (params [])
DEBUG 2018-04-18 06:42:31 schema 11268 140500338472768 CREATE SEQUENCE "oauth2_provider_refreshtoken_id_seq"; (params [])
DEBUG 2018-04-18 06:42:31 schema 11268 140500338472768 ALTER TABLE "oauth2_provider_refreshtoken" ALTER COLUMN "id" SET DEFAULT nextval('"oauth2_provider_refreshtoken_id_seq"'); (params [])
DEBUG 2018-04-18 06:42:31 schema 11268 140500338472768 SELECT setval('"oauth2_provider_refreshtoken_id_seq"', MAX("id")) FROM "oauth2_provider_refreshtoken"; (params [])
DEBUG 2018-04-18 06:42:31 schema 11268 140500338472768 SET CONSTRAINTS "oauth2_provider_refreshtoken_user_id_da837fce_fk_user_id" IMMEDIATE; ALTER TABLE "oauth2_provider_refreshtoken" DROP CONSTRAINT "oauth2_provider_refreshtoken_user_id_da837fce_fk_user_id"; (params ())
DEBUG 2018-04-18 06:42:31 schema 11268 140500338472768 ALTER TABLE "oauth2_provider_refreshtoken" ADD CONSTRAINT "oauth2_provider_refreshtoken_user_id_da837fce_fk_user_id" FOREIGN KEY ("user_id") REFERENCES "user" ("id") DEFERRABLE INITIALLY DEFERRED; (params ())
DEBUG 2018-04-18 06:42:31 schema 11268 140500338472768 ALTER TABLE "oauth2_provider_accesstoken" ADD COLUMN "created" timestamp with time zone DEFAULT %s NOT NULL; (params [datetime.datetime(2018, 4, 18, 6, 42, 31, 784075, tzinfo=<UTC>)])
DEBUG 2018-04-18 06:42:32 schema 11268 140500338472768 ALTER TABLE "oauth2_provider_accesstoken" ALTER COLUMN "created" DROP DEFAULT; (params ())
DEBUG 2018-04-18 06:42:32 schema 11268 140500338472768 ALTER TABLE "oauth2_provider_accesstoken" ADD COLUMN "updated" timestamp with time zone DEFAULT %s NOT NULL; (params [datetime.datetime(2018, 4, 18, 6, 42, 32, 80525, tzinfo=<UTC>)])
DEBUG 2018-04-18 06:42:32 schema 11268 140500338472768 ALTER TABLE "oauth2_provider_accesstoken" ALTER COLUMN "updated" DROP DEFAULT; (params ())
DEBUG 2018-04-18 06:42:32 schema 11268 140500338472768 ALTER TABLE "oauth2_provider_application" ADD COLUMN "created" timestamp with time zone DEFAULT %s NOT NULL; (params [datetime.datetime(2018, 4, 18, 6, 42, 32, 323673, tzinfo=<UTC>)])
DEBUG 2018-04-18 06:42:32 schema 11268 140500338472768 ALTER TABLE "oauth2_provider_application" ALTER COLUMN "created" DROP DEFAULT; (params ())
DEBUG 2018-04-18 06:42:32 schema 11268 140500338472768 ALTER TABLE "oauth2_provider_application" ADD COLUMN "updated" timestamp with time zone DEFAULT %s NOT NULL; (params [datetime.datetime(2018, 4, 18, 6, 42, 32, 602016, tzinfo=<UTC>)])
DEBUG 2018-04-18 06:42:32 schema 11268 140500338472768 ALTER TABLE "oauth2_provider_application" ALTER COLUMN "updated" DROP DEFAULT; (params ())
DEBUG 2018-04-18 06:42:32 schema 11268 140500338472768 ALTER TABLE "oauth2_provider_grant" ADD COLUMN "created" timestamp with time zone DEFAULT %s NOT NULL; (params [datetime.datetime(2018, 4, 18, 6, 42, 32, 904288, tzinfo=<UTC>)])
DEBUG 2018-04-18 06:42:33 schema 11268 140500338472768 ALTER TABLE "oauth2_provider_grant" ALTER COLUMN "created" DROP DEFAULT; (params ())
DEBUG 2018-04-18 06:42:33 schema 11268 140500338472768 ALTER TABLE "oauth2_provider_grant" ADD COLUMN "updated" timestamp with time zone DEFAULT %s NOT NULL; (params [datetime.datetime(2018, 4, 18, 6, 42, 33, 287731, tzinfo=<UTC>)])
DEBUG 2018-04-18 06:42:33 schema 11268 140500338472768 ALTER TABLE "oauth2_provider_grant" ALTER COLUMN "updated" DROP DEFAULT; (params ())
DEBUG 2018-04-18 06:42:33 schema 11268 140500338472768 ALTER TABLE "oauth2_provider_refreshtoken" ADD COLUMN "created" timestamp with time zone DEFAULT %s NOT NULL; (params [datetime.datetime(2018, 4, 18, 6, 42, 33, 544553, tzinfo=<UTC>)])
DEBUG 2018-04-18 06:42:33 schema 11268 140500338472768 ALTER TABLE "oauth2_provider_refreshtoken" ALTER COLUMN "created" DROP DEFAULT; (params ())
DEBUG 2018-04-18 06:42:33 schema 11268 140500338472768 ALTER TABLE "oauth2_provider_refreshtoken" ADD COLUMN "updated" timestamp with time zone DEFAULT %s NOT NULL; (params [datetime.datetime(2018, 4, 18, 6, 42, 33, 861871, tzinfo=<UTC>)])
DEBUG 2018-04-18 06:42:34 schema 11268 140500338472768 ALTER TABLE "oauth2_provider_refreshtoken" ALTER COLUMN "updated" DROP DEFAULT; (params ())
DEBUG 2018-04-18 06:42:34 schema 11268 140500338472768 CREATE TABLE "answer" ("id" serial NOT NULL PRIMARY KEY, "answer" text NOT NULL, "company_id" integer NOT NULL); (params None)
DEBUG 2018-04-18 06:42:34 schema 11268 140500338472768 CREATE TABLE "financialstatemententry" ("id" serial NOT NULL PRIMARY KEY, "item_name" varchar(30) NULL, "item_category" varchar(30) NULL, "period_ending" date NOT NULL, "value" numeric(15, 2) NOT NULL, "currency" varchar(3) NOT NULL, "company_id" integer NOT NULL); (params None)
DEBUG 2018-04-18 06:42:34 schema 11268 140500338472768 CREATE TABLE "monthlyreport" ("id" serial NOT NULL PRIMARY KEY, "status" varchar(32) NOT NULL, "period_ending" date NOT NULL, "due_date" date NOT NULL, "submitted_on" date NULL, "lookup_period" varchar(8) NULL, "company_id" integer NOT NULL); (params None)
DEBUG 2018-04-18 06:42:34 schema 11268 140500338472768 CREATE TABLE "question" ("id" serial NOT NULL PRIMARY KEY, "next_question_if" varchar(20) NOT NULL, "question_text" text NOT NULL, "question_choices" varchar(100)[] NULL, "short_tag" varchar(20) NOT NULL, "answer_data_type" varchar(10) NOT NULL, "answer_validation_regex" varchar(254) NOT NULL, "ask_order" integer NOT NULL, "show_on_ui" boolean NOT NULL, "common_to_all_companies" boolean NOT NULL, "company_id" integer NOT NULL, "next_question_id" integer NULL); (params None)
DEBUG 2018-04-18 06:42:34 schema 11268 140500338472768 CREATE TABLE "questioncategory" ("id" serial NOT NULL PRIMARY KEY, "group_name" varchar(30) NOT NULL, "is_active" boolean NOT NULL, "purpose" text NOT NULL); (params None)
DEBUG 2018-04-18 06:42:34 schema 11268 140500338472768 ALTER TABLE "question" ADD COLUMN "question_category_id" integer NOT NULL; (params [])
DEBUG 2018-04-18 06:42:34 schema 11268 140500338472768 ALTER TABLE "financialstatemententry" ADD COLUMN "monthly_report_id" integer NOT NULL; (params [])
DEBUG 2018-04-18 06:42:34 schema 11268 140500338472768 ALTER TABLE "answer" ADD COLUMN "monthly_report_id" integer NOT NULL; (params [])
DEBUG 2018-04-18 06:42:34 schema 11268 140500338472768 ALTER TABLE "answer" ADD COLUMN "question_id" integer NOT NULL; (params [])
DEBUG 2018-04-18 06:42:34 schema 11268 140500338472768 ALTER TABLE "answer" ADD CONSTRAINT "answer_company_id_1772cbec_fk_company_id" FOREIGN KEY ("company_id") REFERENCES "company" ("id") DEFERRABLE INITIALLY DEFERRED; (params ())
DEBUG 2018-04-18 06:42:34 schema 11268 140500338472768 CREATE INDEX "answer_company_id_1772cbec" ON "answer" ("company_id"); (params ())
DEBUG 2018-04-18 06:42:34 schema 11268 140500338472768 ALTER TABLE "financialstatemententry" ADD CONSTRAINT "financialstatemententry_company_id_5c8f8f23_fk_company_id" FOREIGN KEY ("company_id") REFERENCES "company" ("id") DEFERRABLE INITIALLY DEFERRED; (params ())
DEBUG 2018-04-18 06:42:34 schema 11268 140500338472768 CREATE INDEX "financialstatemententry_company_id_5c8f8f23" ON "financialstatemententry" ("company_id"); (params ())
DEBUG 2018-04-18 06:42:34 schema 11268 140500338472768 ALTER TABLE "monthlyreport" ADD CONSTRAINT "monthlyreport_company_id_17b1c543_fk_company_id" FOREIGN KEY ("company_id") REFERENCES "company" ("id") DEFERRABLE INITIALLY DEFERRED; (params ())
DEBUG 2018-04-18 06:42:34 schema 11268 140500338472768 CREATE INDEX "monthlyreport_company_id_17b1c543" ON "monthlyreport" ("company_id"); (params ())
DEBUG 2018-04-18 06:42:34 schema 11268 140500338472768 ALTER TABLE "question" ADD CONSTRAINT "question_company_id_1c9f2433_fk_company_id" FOREIGN KEY ("company_id") REFERENCES "company" ("id") DEFERRABLE INITIALLY DEFERRED; (params ())
DEBUG 2018-04-18 06:42:34 schema 11268 140500338472768 ALTER TABLE "question" ADD CONSTRAINT "question_next_question_id_43268c39_fk_question_id" FOREIGN KEY ("next_question_id") REFERENCES "question" ("id") DEFERRABLE INITIALLY DEFERRED; (params ())
DEBUG 2018-04-18 06:42:34 schema 11268 140500338472768 CREATE INDEX "question_company_id_1c9f2433" ON "question" ("company_id"); (params ())
DEBUG 2018-04-18 06:42:34 schema 11268 140500338472768 CREATE INDEX "question_next_question_id_43268c39" ON "question" ("next_question_id"); (params ())
DEBUG 2018-04-18 06:42:35 schema 11268 140500338472768 CREATE INDEX "question_question_category_id_7cdd9705" ON "question" ("question_category_id"); (params ())
DEBUG 2018-04-18 06:42:35 schema 11268 140500338472768 ALTER TABLE "question" ADD CONSTRAINT "question_question_category_id_7cdd9705_fk_questioncategory_id" FOREIGN KEY ("question_category_id") REFERENCES "questioncategory" ("id") DEFERRABLE INITIALLY DEFERRED; (params ())
DEBUG 2018-04-18 06:42:35 schema 11268 140500338472768 CREATE INDEX "financialstatemententry_monthly_report_id_c4fc9128" ON "financialstatemententry" ("monthly_report_id"); (params ())
DEBUG 2018-04-18 06:42:35 schema 11268 140500338472768 ALTER TABLE "financialstatemententry" ADD CONSTRAINT "financialstatementen_monthly_report_id_c4fc9128_fk_monthlyre" FOREIGN KEY ("monthly_report_id") REFERENCES "monthlyreport" ("id") DEFERRABLE INITIALLY DEFERRED; (params ())
DEBUG 2018-04-18 06:42:35 schema 11268 140500338472768 CREATE INDEX "answer_monthly_report_id_e8e0c336" ON "answer" ("monthly_report_id"); (params ())
DEBUG 2018-04-18 06:42:35 schema 11268 140500338472768 ALTER TABLE "answer" ADD CONSTRAINT "answer_monthly_report_id_e8e0c336_fk_monthlyreport_id" FOREIGN KEY ("monthly_report_id") REFERENCES "monthlyreport" ("id") DEFERRABLE INITIALLY DEFERRED; (params ())
DEBUG 2018-04-18 06:42:35 schema 11268 140500338472768 CREATE INDEX "answer_question_id_523c1648" ON "answer" ("question_id"); (params ())
DEBUG 2018-04-18 06:42:35 schema 11268 140500338472768 ALTER TABLE "answer" ADD CONSTRAINT "answer_question_id_523c1648_fk_question_id" FOREIGN KEY ("question_id") REFERENCES "question" ("id") DEFERRABLE INITIALLY DEFERRED; (params ())
DEBUG 2018-04-18 06:42:35 schema 11268 140500338472768 ALTER TABLE "financialstatemententry" DROP COLUMN "item_category" CASCADE; (params ())
DEBUG 2018-04-18 06:42:35 schema 11268 140500338472768 ALTER TABLE "financialstatemententry" DROP COLUMN "item_name" CASCADE; (params ())
DEBUG 2018-04-18 06:42:35 schema 11268 140500338472768 ALTER TABLE "financialstatemententry" ADD COLUMN "statement_type" varchar(60) DEFAULT %s NOT NULL; (params ['Income Statement'])
DEBUG 2018-04-18 06:42:35 schema 11268 140500338472768 ALTER TABLE "financialstatemententry" ALTER COLUMN "statement_type" DROP DEFAULT; (params ())
DEBUG 2018-04-18 06:42:35 schema 11268 140500338472768 ALTER TABLE "financialstatemententry" ADD COLUMN "entry_name" varchar(60) NULL; (params [])
DEBUG 2018-04-18 06:42:35 schema 11268 140500338472768 ALTER TABLE "financialstatemententry" ADD COLUMN "fse_tag_id" integer NULL; (params [])
DEBUG 2018-04-18 06:42:35 schema 11268 140500338472768 CREATE INDEX "financialstatemententry_fse_tag_id_e0c8e887" ON "financialstatemententry" ("fse_tag_id"); (params ())
DEBUG 2018-04-18 06:42:35 schema 11268 140500338472768 ALTER TABLE "financialstatemententry" ADD CONSTRAINT "financialstatementen_fse_tag_id_e0c8e887_fk_financial" FOREIGN KEY ("fse_tag_id") REFERENCES "financialstatementtag" ("id") DEFERRABLE INITIALLY DEFERRED; (params ())
DEBUG 2018-04-18 06:42:35 schema 11268 140500338472768 CREATE TABLE "reporting_download" ("id" serial NOT NULL PRIMARY KEY, "version" numeric(4, 2) NOT NULL); (params None)
DEBUG 2018-04-18 06:42:35 schema 11268 140500338472768 ALTER TABLE "reporting_download" ADD COLUMN "link" varchar(300) NULL; (params [])
DEBUG 2018-04-18 06:42:35 schema 11268 140500338472768 ALTER TABLE "reporting_download" ADD COLUMN "name" varchar(60) NULL; (params [])
DEBUG 2018-04-18 06:42:35 schema 11268 140500338472768 ALTER TABLE "monthlyreport" ADD COLUMN "signoff_by_name" varchar(100) NULL; (params [])
DEBUG 2018-04-18 06:42:36 schema 11268 140500338472768 ALTER TABLE "monthlyreport" ADD COLUMN "signoff_by_title" varchar(100) NULL; (params [])
DEBUG 2018-04-18 06:42:36 schema 11268 140500338472768 ALTER TABLE "monthlyreport" ADD COLUMN "signoff_date" date NULL; (params [])
DEBUG 2018-04-18 06:42:36 schema 11268 140500338472768 SET CONSTRAINTS "financialstatementen_monthly_report_id_c4fc9128_fk_monthlyre" IMMEDIATE; ALTER TABLE "financialstatemententry" DROP CONSTRAINT "financialstatementen_monthly_report_id_c4fc9128_fk_monthlyre"; (params ())
DEBUG 2018-04-18 06:42:36 schema 11268 140500338472768 ALTER TABLE "financialstatemententry" ALTER COLUMN "monthly_report_id" DROP NOT NULL; (params [])
DEBUG 2018-04-18 06:42:36 schema 11268 140500338472768 ALTER TABLE "financialstatemententry" ADD CONSTRAINT "financialstatementen_monthly_report_id_c4fc9128_fk_monthlyre" FOREIGN KEY ("monthly_report_id") REFERENCES "monthlyreport" ("id") DEFERRABLE INITIALLY DEFERRED; (params ())
DEBUG 2018-04-18 06:42:36 schema 11268 140500338472768 ALTER TABLE "monthlyreport" ALTER COLUMN "due_date" DROP NOT NULL; (params [])
DEBUG 2018-04-18 06:42:36 schema 11268 140500338472768 ALTER TABLE "financialstatemententry" ADD COLUMN "is_actual" boolean DEFAULT %s NOT NULL; (params [True])
DEBUG 2018-04-18 06:42:36 schema 11268 140500338472768 ALTER TABLE "financialstatemententry" ALTER COLUMN "is_actual" DROP DEFAULT; (params ())
DEBUG 2018-04-18 06:42:36 schema 11268 140500338472768 ALTER TABLE "financialstatemententry" ADD COLUMN "period_type" varchar(100) NULL; (params [])
DEBUG 2018-04-18 06:42:36 schema 11268 140500338472768 ALTER TABLE "question" ALTER COLUMN "next_question_if" DROP NOT NULL; (params [])
DEBUG 2018-04-18 06:42:36 schema 11268 140500338472768 ALTER TABLE "answer" ALTER COLUMN "answer" DROP NOT NULL; (params [])
DEBUG 2018-04-18 06:42:36 schema 11268 140500338472768 ALTER TABLE "question" ALTER COLUMN "answer_data_type" TYPE varchar(100) USING "answer_data_type"::varchar(100); (params [])
DEBUG 2018-04-18 06:42:36 schema 11268 140500338472768 ALTER TABLE "question" ALTER COLUMN "short_tag" TYPE varchar(100) USING "short_tag"::varchar(100); (params [])
DEBUG 2018-04-18 06:42:36 schema 11268 140500338472768 CREATE TABLE "reporting_previousreporteditlogger" ("id" serial NOT NULL PRIMARY KEY, "section_name" varchar(60) NOT NULL, "old_value" varchar(512) NULL, "new_value" varchar(512) NULL, "date_changed" timestamp with time zone NOT NULL, "company_id" integer NOT NULL, "finacial_statement_item_id" integer NULL, "question_item_id" integer NULL, "reporting_period_id" integer NOT NULL, "user_id" integer NOT NULL); (params None)
DEBUG 2018-04-18 06:42:36 schema 11268 140500338472768 ALTER TABLE "reporting_previousreporteditlogger" ADD CONSTRAINT "reporting_previousre_company_id_2366838f_fk_company_i" FOREIGN KEY ("company_id") REFERENCES "company" ("id") DEFERRABLE INITIALLY DEFERRED; (params ())
DEBUG 2018-04-18 06:42:36 schema 11268 140500338472768 ALTER TABLE "reporting_previousreporteditlogger" ADD CONSTRAINT "reporting_previousre_finacial_statement_i_7ad1cce6_fk_financial" FOREIGN KEY ("finacial_statement_item_id") REFERENCES "financialstatemententry" ("id") DEFERRABLE INITIALLY DEFERRED; (params ())
DEBUG 2018-04-18 06:42:36 schema 11268 140500338472768 ALTER TABLE "reporting_previousreporteditlogger" ADD CONSTRAINT "reporting_previousre_question_item_id_b80b494f_fk_question_" FOREIGN KEY ("question_item_id") REFERENCES "question" ("id") DEFERRABLE INITIALLY DEFERRED; (params ())
DEBUG 2018-04-18 06:42:36 schema 11268 140500338472768 ALTER TABLE "reporting_previousreporteditlogger" ADD CONSTRAINT "reporting_previousre_reporting_period_id_5e718ac3_fk_monthlyre" FOREIGN KEY ("reporting_period_id") REFERENCES "monthlyreport" ("id") DEFERRABLE INITIALLY DEFERRED; (params ())
DEBUG 2018-04-18 06:42:36 schema 11268 140500338472768 ALTER TABLE "reporting_previousreporteditlogger" ADD CONSTRAINT "reporting_previousreporteditlogger_user_id_9fcdc860_fk_user_id" FOREIGN KEY ("user_id") REFERENCES "user" ("id") DEFERRABLE INITIALLY DEFERRED; (params ())
DEBUG 2018-04-18 06:42:36 schema 11268 140500338472768 CREATE INDEX "reporting_previousreporteditlogger_company_id_2366838f" ON "reporting_previousreporteditlogger" ("company_id"); (params ())
DEBUG 2018-04-18 06:42:36 schema 11268 140500338472768 CREATE INDEX "reporting_previousreported_finacial_statement_item_id_7ad1cce6" ON "reporting_previousreporteditlogger" ("finacial_statement_item_id"); (params ())
DEBUG 2018-04-18 06:42:36 schema 11268 140500338472768 CREATE INDEX "reporting_previousreporteditlogger_question_item_id_b80b494f" ON "reporting_previousreporteditlogger" ("question_item_id"); (params ())
DEBUG 2018-04-18 06:42:37 schema 11268 140500338472768 CREATE INDEX "reporting_previousreporteditlogger_reporting_period_id_5e718ac3" ON "reporting_previousreporteditlogger" ("reporting_period_id"); (params ())
DEBUG 2018-04-18 06:42:37 schema 11268 140500338472768 CREATE INDEX "reporting_previousreporteditlogger_user_id_9fcdc860" ON "reporting_previousreporteditlogger" ("user_id"); (params ())
DEBUG 2018-04-18 06:42:37 schema 11268 140500338472768 CREATE TABLE "django_session" ("session_key" varchar(40) NOT NULL PRIMARY KEY, "session_data" text NOT NULL, "expire_date" timestamp with time zone NOT NULL); (params None)
DEBUG 2018-04-18 06:42:37 schema 11268 140500338472768 CREATE INDEX "django_session_session_key_c0390e0f_like" ON "django_session" ("session_key" varchar_pattern_ops); (params ())
DEBUG 2018-04-18 06:42:37 schema 11268 140500338472768 CREATE INDEX "django_session_expire_date_a5c62663" ON "django_session" ("expire_date"); (params ())
