DEBUG 2018-04-17 13:29:00 utils 30114 140373210646336 (0.174) 
            SELECT c.relname, c.relkind
            FROM pg_catalog.pg_class c
            LEFT JOIN pg_catalog.pg_namespace n ON n.oid = c.relnamespace
            WHERE c.relkind IN ('r', 'v')
                AND n.nspname NOT IN ('pg_catalog', 'pg_toast')
                AND pg_catalog.pg_table_is_visible(c.oid); args=None
DEBUG 2018-04-17 13:29:00 utils 30114 140373210646336 (0.070) SELECT "django_migrations"."app", "django_migrations"."name" FROM "django_migrations"; args=()
DEBUG 2018-04-17 13:29:00 utils 30114 140373210646336 (0.001) 
            SELECT c.relname, c.relkind
            FROM pg_catalog.pg_class c
            LEFT JOIN pg_catalog.pg_namespace n ON n.oid = c.relnamespace
            WHERE c.relkind IN ('r', 'v')
                AND n.nspname NOT IN ('pg_catalog', 'pg_toast')
                AND pg_catalog.pg_table_is_visible(c.oid); args=None
DEBUG 2018-04-17 13:29:00 utils 30114 140373210646336 (0.000) SELECT "django_migrations"."app", "django_migrations"."name" FROM "django_migrations"; args=()
DEBUG 2018-04-17 13:29:00 schema 30114 140373210646336 ALTER TABLE "accountingconfiguration" RENAME COLUMN "auth_key" TO "client_id"; (params ())
DEBUG 2018-04-17 13:29:00 utils 30114 140373210646336 (0.061) ALTER TABLE "accountingconfiguration" RENAME COLUMN "auth_key" TO "client_id"; args=()
DEBUG 2018-04-17 13:29:00 schema 30114 140373210646336 ALTER TABLE "accountingconfiguration" RENAME COLUMN "secret_key" TO "client_secret"; (params ())
DEBUG 2018-04-17 13:29:00 utils 30114 140373210646336 (0.000) ALTER TABLE "accountingconfiguration" RENAME COLUMN "secret_key" TO "client_secret"; args=()
DEBUG 2018-04-17 13:29:00 schema 30114 140373210646336 ALTER TABLE "accountingconfiguration" RENAME COLUMN "xero_accounting_type" TO "type"; (params ())
DEBUG 2018-04-17 13:29:00 utils 30114 140373210646336 (0.000) ALTER TABLE "accountingconfiguration" RENAME COLUMN "xero_accounting_type" TO "type"; args=()
DEBUG 2018-04-17 13:29:00 utils 30114 140373210646336 (0.001) 
            SELECT c.relname, c.relkind
            FROM pg_catalog.pg_class c
            LEFT JOIN pg_catalog.pg_namespace n ON n.oid = c.relnamespace
            WHERE c.relkind IN ('r', 'v')
                AND n.nspname NOT IN ('pg_catalog', 'pg_toast')
                AND pg_catalog.pg_table_is_visible(c.oid); args=None
DEBUG 2018-04-17 13:29:00 utils 30114 140373210646336 (0.029) INSERT INTO "django_migrations" ("app", "name", "applied") VALUES ('accounts', '0033_auto_20180216_1017', '2018-04-17T13:29:00.934445+00:00'::timestamptz) RETURNING "django_migrations"."id"; args=('accounts', '0033_auto_20180216_1017', datetime.datetime(2018, 4, 17, 13, 29, 0, 934445, tzinfo=<UTC>))
DEBUG 2018-04-17 13:29:00 utils 30114 140373210646336 (0.001) 
            SELECT c.relname, c.relkind
            FROM pg_catalog.pg_class c
            LEFT JOIN pg_catalog.pg_namespace n ON n.oid = c.relnamespace
            WHERE c.relkind IN ('r', 'v')
                AND n.nspname NOT IN ('pg_catalog', 'pg_toast')
                AND pg_catalog.pg_table_is_visible(c.oid); args=None
DEBUG 2018-04-17 13:29:00 utils 30114 140373210646336 (0.000) SELECT "django_migrations"."app", "django_migrations"."name" FROM "django_migrations"; args=()
DEBUG 2018-04-17 13:29:01 utils 30114 140373210646336 (0.134) SELECT "django_content_type"."id", "django_content_type"."app_label", "django_content_type"."model" FROM "django_content_type" WHERE ("django_content_type"."model" = 'financialstatemententry' AND "django_content_type"."app_label" = 'reporting'); args=('financialstatemententry', 'reporting')
DEBUG 2018-04-17 13:29:01 utils 30114 140373210646336 (0.000) SELECT "django_content_type"."id", "django_content_type"."app_label", "django_content_type"."model" FROM "django_content_type" WHERE ("django_content_type"."model" = 'question' AND "django_content_type"."app_label" = 'reporting'); args=('question', 'reporting')
DEBUG 2018-04-17 13:29:01 utils 30114 140373210646336 (0.000) SELECT "django_content_type"."id", "django_content_type"."app_label", "django_content_type"."model" FROM "django_content_type" WHERE ("django_content_type"."model" = 'download' AND "django_content_type"."app_label" = 'reporting'); args=('download', 'reporting')
DEBUG 2018-04-17 13:29:01 utils 30114 140373210646336 (0.000) SELECT "django_content_type"."id", "django_content_type"."app_label", "django_content_type"."model" FROM "django_content_type" WHERE ("django_content_type"."model" = 'questioncategory' AND "django_content_type"."app_label" = 'reporting'); args=('questioncategory', 'reporting')
DEBUG 2018-04-17 13:29:01 utils 30114 140373210646336 (0.000) SELECT "django_content_type"."id", "django_content_type"."app_label", "django_content_type"."model" FROM "django_content_type" WHERE ("django_content_type"."model" = 'answer' AND "django_content_type"."app_label" = 'reporting'); args=('answer', 'reporting')
DEBUG 2018-04-17 13:29:01 utils 30114 140373210646336 (0.000) SELECT "django_content_type"."id", "django_content_type"."app_label", "django_content_type"."model" FROM "django_content_type" WHERE ("django_content_type"."model" = 'monthlyreport' AND "django_content_type"."app_label" = 'reporting'); args=('monthlyreport', 'reporting')
DEBUG 2018-04-17 13:29:01 utils 30114 140373210646336 (0.107) SELECT "auth_permission"."content_type_id", "auth_permission"."codename" FROM "auth_permission" INNER JOIN "django_content_type" ON ("auth_permission"."content_type_id" = "django_content_type"."id") WHERE "auth_permission"."content_type_id" IN (1, 2, 3, 4, 5, 6) ORDER BY "django_content_type"."app_label" ASC, "django_content_type"."model" ASC, "auth_permission"."codename" ASC; args=(1, 2, 3, 4, 5, 6)
DEBUG 2018-04-17 13:29:01 utils 30114 140373210646336 (0.000) SELECT "django_content_type"."id", "django_content_type"."app_label", "django_content_type"."model" FROM "django_content_type" WHERE "django_content_type"."app_label" = 'reporting'; args=('reporting',)
DEBUG 2018-04-17 13:29:01 utils 30114 140373210646336 (0.000) SELECT "django_content_type"."id", "django_content_type"."app_label", "django_content_type"."model" FROM "django_content_type" WHERE ("django_content_type"."model" = 'user' AND "django_content_type"."app_label" = 'accounts'); args=('user', 'accounts')
DEBUG 2018-04-17 13:29:01 utils 30114 140373210646336 (0.000) SELECT "django_content_type"."id", "django_content_type"."app_label", "django_content_type"."model" FROM "django_content_type" WHERE ("django_content_type"."model" = 'forgotpasswordrequest' AND "django_content_type"."app_label" = 'accounts'); args=('forgotpasswordrequest', 'accounts')
DEBUG 2018-04-17 13:29:01 utils 30114 140373210646336 (0.000) SELECT "django_content_type"."id", "django_content_type"."app_label", "django_content_type"."model" FROM "django_content_type" WHERE ("django_content_type"."model" = 'company' AND "django_content_type"."app_label" = 'accounts'); args=('company', 'accounts')
DEBUG 2018-04-17 13:29:01 utils 30114 140373210646336 (0.000) SELECT "django_content_type"."id", "django_content_type"."app_label", "django_content_type"."model" FROM "django_content_type" WHERE ("django_content_type"."model" = 'companynotification' AND "django_content_type"."app_label" = 'accounts'); args=('companynotification', 'accounts')
DEBUG 2018-04-17 13:29:01 utils 30114 140373210646336 (0.000) SELECT "django_content_type"."id", "django_content_type"."app_label", "django_content_type"."model" FROM "django_content_type" WHERE ("django_content_type"."model" = 'espressocontact' AND "django_content_type"."app_label" = 'accounts'); args=('espressocontact', 'accounts')
DEBUG 2018-04-17 13:29:01 utils 30114 140373210646336 (0.000) SELECT "django_content_type"."id", "django_content_type"."app_label", "django_content_type"."model" FROM "django_content_type" WHERE ("django_content_type"."model" = 'fiscalyearend' AND "django_content_type"."app_label" = 'accounts'); args=('fiscalyearend', 'accounts')
DEBUG 2018-04-17 13:29:01 utils 30114 140373210646336 (0.000) SELECT "django_content_type"."id", "django_content_type"."app_label", "django_content_type"."model" FROM "django_content_type" WHERE ("django_content_type"."model" = 'companymeta' AND "django_content_type"."app_label" = 'accounts'); args=('companymeta', 'accounts')
DEBUG 2018-04-17 13:29:01 utils 30114 140373210646336 (0.000) SELECT "django_content_type"."id", "django_content_type"."app_label", "django_content_type"."model" FROM "django_content_type" WHERE ("django_content_type"."model" = 'contact' AND "django_content_type"."app_label" = 'accounts'); args=('contact', 'accounts')
DEBUG 2018-04-17 13:29:01 utils 30114 140373210646336 (0.000) SELECT "django_content_type"."id", "django_content_type"."app_label", "django_content_type"."model" FROM "django_content_type" WHERE ("django_content_type"."model" = 'accountingconfiguration' AND "django_content_type"."app_label" = 'accounts'); args=('accountingconfiguration', 'accounts')
DEBUG 2018-04-17 13:29:01 utils 30114 140373210646336 (0.000) SELECT "django_content_type"."id", "django_content_type"."app_label", "django_content_type"."model" FROM "django_content_type" WHERE ("django_content_type"."model" = 'usersession' AND "django_content_type"."app_label" = 'accounts'); args=('usersession', 'accounts')
DEBUG 2018-04-17 13:29:01 utils 30114 140373210646336 (0.001) SELECT "auth_permission"."content_type_id", "auth_permission"."codename" FROM "auth_permission" INNER JOIN "django_content_type" ON ("auth_permission"."content_type_id" = "django_content_type"."id") WHERE "auth_permission"."content_type_id" IN (7, 8, 9, 10, 11, 12, 13, 14, 15, 16) ORDER BY "django_content_type"."app_label" ASC, "django_content_type"."model" ASC, "auth_permission"."codename" ASC; args=(7, 8, 9, 10, 11, 12, 13, 14, 15, 16)
DEBUG 2018-04-17 13:29:01 utils 30114 140373210646336 (0.000) SELECT "django_content_type"."id", "django_content_type"."app_label", "django_content_type"."model" FROM "django_content_type" WHERE "django_content_type"."app_label" = 'accounts'; args=('accounts',)
DEBUG 2018-04-17 13:29:01 utils 30114 140373210646336 (0.000) SELECT "django_content_type"."id", "django_content_type"."app_label", "django_content_type"."model" FROM "django_content_type" WHERE ("django_content_type"."model" = 'trialbalance' AND "django_content_type"."app_label" = 'accounting'); args=('trialbalance', 'accounting')
DEBUG 2018-04-17 13:29:01 utils 30114 140373210646336 (0.000) SELECT "django_content_type"."id", "django_content_type"."app_label", "django_content_type"."model" FROM "django_content_type" WHERE ("django_content_type"."model" = 'accountingoauth2' AND "django_content_type"."app_label" = 'accounting'); args=('accountingoauth2', 'accounting')
DEBUG 2018-04-17 13:29:01 utils 30114 140373210646336 (0.000) SELECT "django_content_type"."id", "django_content_type"."app_label", "django_content_type"."model" FROM "django_content_type" WHERE ("django_content_type"."model" = 'logininfo' AND "django_content_type"."app_label" = 'accounting'); args=('logininfo', 'accounting')
DEBUG 2018-04-17 13:29:01 utils 30114 140373210646336 (0.000) SELECT "django_content_type"."id", "django_content_type"."app_label", "django_content_type"."model" FROM "django_content_type" WHERE ("django_content_type"."model" = 'defaultaccounttagmapping' AND "django_content_type"."app_label" = 'accounting'); args=('defaultaccounttagmapping', 'accounting')
DEBUG 2018-04-17 13:29:01 utils 30114 140373210646336 (0.000) SELECT "django_content_type"."id", "django_content_type"."app_label", "django_content_type"."model" FROM "django_content_type" WHERE ("django_content_type"."model" = 'financialstatemententrytag' AND "django_content_type"."app_label" = 'accounting'); args=('financialstatemententrytag', 'accounting')
DEBUG 2018-04-17 13:29:01 utils 30114 140373210646336 (0.000) SELECT "django_content_type"."id", "django_content_type"."app_label", "django_content_type"."model" FROM "django_content_type" WHERE ("django_content_type"."model" = 'coa' AND "django_content_type"."app_label" = 'accounting'); args=('coa', 'accounting')
DEBUG 2018-04-17 13:29:01 utils 30114 140373210646336 (0.000) SELECT "django_content_type"."id", "django_content_type"."app_label", "django_content_type"."model" FROM "django_content_type" WHERE ("django_content_type"."model" = 'coamap' AND "django_content_type"."app_label" = 'accounting'); args=('coamap', 'accounting')
DEBUG 2018-04-17 13:29:01 utils 30114 140373210646336 (0.001) SELECT "auth_permission"."content_type_id", "auth_permission"."codename" FROM "auth_permission" INNER JOIN "django_content_type" ON ("auth_permission"."content_type_id" = "django_content_type"."id") WHERE "auth_permission"."content_type_id" IN (17, 18, 19, 20, 21, 22, 23) ORDER BY "django_content_type"."app_label" ASC, "django_content_type"."model" ASC, "auth_permission"."codename" ASC; args=(17, 18, 19, 20, 21, 22, 23)
DEBUG 2018-04-17 13:29:01 utils 30114 140373210646336 (0.000) SELECT "django_content_type"."id", "django_content_type"."app_label", "django_content_type"."model" FROM "django_content_type" WHERE "django_content_type"."app_label" = 'accounting'; args=('accounting',)
DEBUG 2018-04-17 13:29:01 utils 30114 140373210646336 (0.000) SELECT "django_content_type"."id", "django_content_type"."app_label", "django_content_type"."model" FROM "django_content_type" WHERE ("django_content_type"."model" = 'application' AND "django_content_type"."app_label" = 'oauth2_provider'); args=('application', 'oauth2_provider')
DEBUG 2018-04-17 13:29:01 utils 30114 140373210646336 (0.000) SELECT "django_content_type"."id", "django_content_type"."app_label", "django_content_type"."model" FROM "django_content_type" WHERE ("django_content_type"."model" = 'refreshtoken' AND "django_content_type"."app_label" = 'oauth2_provider'); args=('refreshtoken', 'oauth2_provider')
DEBUG 2018-04-17 13:29:01 utils 30114 140373210646336 (0.000) SELECT "django_content_type"."id", "django_content_type"."app_label", "django_content_type"."model" FROM "django_content_type" WHERE ("django_content_type"."model" = 'accesstoken' AND "django_content_type"."app_label" = 'oauth2_provider'); args=('accesstoken', 'oauth2_provider')
DEBUG 2018-04-17 13:29:01 utils 30114 140373210646336 (0.000) SELECT "django_content_type"."id", "django_content_type"."app_label", "django_content_type"."model" FROM "django_content_type" WHERE ("django_content_type"."model" = 'grant' AND "django_content_type"."app_label" = 'oauth2_provider'); args=('grant', 'oauth2_provider')
DEBUG 2018-04-17 13:29:01 utils 30114 140373210646336 (0.001) SELECT "auth_permission"."content_type_id", "auth_permission"."codename" FROM "auth_permission" INNER JOIN "django_content_type" ON ("auth_permission"."content_type_id" = "django_content_type"."id") WHERE "auth_permission"."content_type_id" IN (24, 25, 26, 27) ORDER BY "django_content_type"."app_label" ASC, "django_content_type"."model" ASC, "auth_permission"."codename" ASC; args=(24, 25, 26, 27)
DEBUG 2018-04-17 13:29:01 utils 30114 140373210646336 (0.000) SELECT "django_content_type"."id", "django_content_type"."app_label", "django_content_type"."model" FROM "django_content_type" WHERE "django_content_type"."app_label" = 'oauth2_provider'; args=('oauth2_provider',)
DEBUG 2018-04-17 13:29:01 utils 30114 140373210646336 (0.000) SELECT "django_content_type"."id", "django_content_type"."app_label", "django_content_type"."model" FROM "django_content_type" WHERE "django_content_type"."app_label" = 'rest_framework'; args=('rest_framework',)
DEBUG 2018-04-17 13:29:01 utils 30114 140373210646336 (0.000) SELECT "django_content_type"."id", "django_content_type"."app_label", "django_content_type"."model" FROM "django_content_type" WHERE "django_content_type"."app_label" = 'django_filters'; args=('django_filters',)
DEBUG 2018-04-17 13:29:01 utils 30114 140373210646336 (0.000) SELECT "django_content_type"."id", "django_content_type"."app_label", "django_content_type"."model" FROM "django_content_type" WHERE ("django_content_type"."model" = 'logentry' AND "django_content_type"."app_label" = 'admin'); args=('logentry', 'admin')
DEBUG 2018-04-17 13:29:01 utils 30114 140373210646336 (0.001) SELECT "auth_permission"."content_type_id", "auth_permission"."codename" FROM "auth_permission" INNER JOIN "django_content_type" ON ("auth_permission"."content_type_id" = "django_content_type"."id") WHERE "auth_permission"."content_type_id" IN (28) ORDER BY "django_content_type"."app_label" ASC, "django_content_type"."model" ASC, "auth_permission"."codename" ASC; args=(28,)
DEBUG 2018-04-17 13:29:01 utils 30114 140373210646336 (0.000) SELECT "django_content_type"."id", "django_content_type"."app_label", "django_content_type"."model" FROM "django_content_type" WHERE "django_content_type"."app_label" = 'admin'; args=('admin',)
DEBUG 2018-04-17 13:29:01 utils 30114 140373210646336 (0.000) SELECT "django_content_type"."id", "django_content_type"."app_label", "django_content_type"."model" FROM "django_content_type" WHERE ("django_content_type"."model" = 'group' AND "django_content_type"."app_label" = 'auth'); args=('group', 'auth')
DEBUG 2018-04-17 13:29:01 utils 30114 140373210646336 (0.000) SELECT "django_content_type"."id", "django_content_type"."app_label", "django_content_type"."model" FROM "django_content_type" WHERE ("django_content_type"."model" = 'permission' AND "django_content_type"."app_label" = 'auth'); args=('permission', 'auth')
DEBUG 2018-04-17 13:29:01 utils 30114 140373210646336 (0.001) SELECT "auth_permission"."content_type_id", "auth_permission"."codename" FROM "auth_permission" INNER JOIN "django_content_type" ON ("auth_permission"."content_type_id" = "django_content_type"."id") WHERE "auth_permission"."content_type_id" IN (29, 30) ORDER BY "django_content_type"."app_label" ASC, "django_content_type"."model" ASC, "auth_permission"."codename" ASC; args=(29, 30)
DEBUG 2018-04-17 13:29:01 utils 30114 140373210646336 (0.000) SELECT "django_content_type"."id", "django_content_type"."app_label", "django_content_type"."model" FROM "django_content_type" WHERE "django_content_type"."app_label" = 'auth'; args=('auth',)
DEBUG 2018-04-17 13:29:01 utils 30114 140373210646336 (0.000) SELECT "django_content_type"."id", "django_content_type"."app_label", "django_content_type"."model" FROM "django_content_type" WHERE ("django_content_type"."model" = 'contenttype' AND "django_content_type"."app_label" = 'contenttypes'); args=('contenttype', 'contenttypes')
DEBUG 2018-04-17 13:29:01 utils 30114 140373210646336 (0.000) SELECT "auth_permission"."content_type_id", "auth_permission"."codename" FROM "auth_permission" INNER JOIN "django_content_type" ON ("auth_permission"."content_type_id" = "django_content_type"."id") WHERE "auth_permission"."content_type_id" IN (31) ORDER BY "django_content_type"."app_label" ASC, "django_content_type"."model" ASC, "auth_permission"."codename" ASC; args=(31,)
DEBUG 2018-04-17 13:29:01 utils 30114 140373210646336 (0.000) SELECT "django_content_type"."id", "django_content_type"."app_label", "django_content_type"."model" FROM "django_content_type" WHERE "django_content_type"."app_label" = 'contenttypes'; args=('contenttypes',)
DEBUG 2018-04-17 13:29:01 utils 30114 140373210646336 (0.000) SELECT "django_content_type"."id", "django_content_type"."app_label", "django_content_type"."model" FROM "django_content_type" WHERE ("django_content_type"."model" = 'session' AND "django_content_type"."app_label" = 'sessions'); args=('session', 'sessions')
DEBUG 2018-04-17 13:29:01 utils 30114 140373210646336 (0.001) SELECT "auth_permission"."content_type_id", "auth_permission"."codename" FROM "auth_permission" INNER JOIN "django_content_type" ON ("auth_permission"."content_type_id" = "django_content_type"."id") WHERE "auth_permission"."content_type_id" IN (32) ORDER BY "django_content_type"."app_label" ASC, "django_content_type"."model" ASC, "auth_permission"."codename" ASC; args=(32,)
DEBUG 2018-04-17 13:29:01 utils 30114 140373210646336 (0.000) SELECT "django_content_type"."id", "django_content_type"."app_label", "django_content_type"."model" FROM "django_content_type" WHERE "django_content_type"."app_label" = 'sessions'; args=('sessions',)
DEBUG 2018-04-17 13:29:01 utils 30114 140373210646336 (0.000) SELECT "django_content_type"."id", "django_content_type"."app_label", "django_content_type"."model" FROM "django_content_type" WHERE "django_content_type"."app_label" = 'django_json_widget'; args=('django_json_widget',)
DEBUG 2018-04-17 13:29:01 utils 30114 140373210646336 (0.000) SELECT "django_content_type"."id", "django_content_type"."app_label", "django_content_type"."model" FROM "django_content_type" WHERE "django_content_type"."app_label" = 'djangosecure'; args=('djangosecure',)
DEBUG 2018-04-17 13:29:01 utils 30114 140373210646336 (0.000) SELECT "django_content_type"."id", "django_content_type"."app_label", "django_content_type"."model" FROM "django_content_type" WHERE "django_content_type"."app_label" = 'corsheaders'; args=('corsheaders',)
DEBUG 2018-04-17 13:29:20 utils 30121 139972178745152 (0.002) 
            SELECT c.relname, c.relkind
            FROM pg_catalog.pg_class c
            LEFT JOIN pg_catalog.pg_namespace n ON n.oid = c.relnamespace
            WHERE c.relkind IN ('r', 'v')
                AND n.nspname NOT IN ('pg_catalog', 'pg_toast')
                AND pg_catalog.pg_table_is_visible(c.oid); args=None
DEBUG 2018-04-17 13:29:20 utils 30121 139972178745152 (0.001) SELECT "django_migrations"."app", "django_migrations"."name" FROM "django_migrations"; args=()
DEBUG 2018-04-17 13:29:33 utils 30132 139874676295488 (0.001) 
            SELECT c.relname, c.relkind
            FROM pg_catalog.pg_class c
            LEFT JOIN pg_catalog.pg_namespace n ON n.oid = c.relnamespace
            WHERE c.relkind IN ('r', 'v')
                AND n.nspname NOT IN ('pg_catalog', 'pg_toast')
                AND pg_catalog.pg_table_is_visible(c.oid); args=None
DEBUG 2018-04-17 13:29:33 utils 30132 139874676295488 (0.000) SELECT "django_migrations"."app", "django_migrations"."name" FROM "django_migrations"; args=()
DEBUG 2018-04-17 13:29:33 utils 30132 139874676295488 (0.001) 
            SELECT c.relname, c.relkind
            FROM pg_catalog.pg_class c
            LEFT JOIN pg_catalog.pg_namespace n ON n.oid = c.relnamespace
            WHERE c.relkind IN ('r', 'v')
                AND n.nspname NOT IN ('pg_catalog', 'pg_toast')
                AND pg_catalog.pg_table_is_visible(c.oid); args=None
DEBUG 2018-04-17 13:29:33 utils 30132 139874676295488 (0.000) SELECT "django_migrations"."app", "django_migrations"."name" FROM "django_migrations"; args=()
DEBUG 2018-04-17 13:29:33 utils 30132 139874676295488 (0.001) 
            SELECT c.relname, c.relkind
            FROM pg_catalog.pg_class c
            LEFT JOIN pg_catalog.pg_namespace n ON n.oid = c.relnamespace
            WHERE c.relkind IN ('r', 'v')
                AND n.nspname NOT IN ('pg_catalog', 'pg_toast')
                AND pg_catalog.pg_table_is_visible(c.oid); args=None
DEBUG 2018-04-17 13:29:33 utils 30132 139874676295488 (0.001) INSERT INTO "django_migrations" ("app", "name", "applied") VALUES ('accounting', '0035_auto_20180417_1329', '2018-04-17T13:29:33.095468+00:00'::timestamptz) RETURNING "django_migrations"."id"; args=('accounting', '0035_auto_20180417_1329', datetime.datetime(2018, 4, 17, 13, 29, 33, 95468, tzinfo=<UTC>))
DEBUG 2018-04-17 13:29:33 schema 30132 139874676295488 CREATE TABLE "accounts_loggedinuser" ("id" serial NOT NULL PRIMARY KEY); (params None)
DEBUG 2018-04-17 13:29:33 utils 30132 139874676295488 (0.290) CREATE TABLE "accounts_loggedinuser" ("id" serial NOT NULL PRIMARY KEY); args=None
DEBUG 2018-04-17 13:29:33 schema 30132 139874676295488 CREATE TABLE "accounts_scheduledmaintenance" ("id" serial NOT NULL PRIMARY KEY, "message" text NOT NULL, "start_time" timestamp with time zone NOT NULL, "end_time" timestamp with time zone NOT NULL, "is_active" boolean NOT NULL); (params None)
DEBUG 2018-04-17 13:29:33 utils 30132 139874676295488 (0.063) CREATE TABLE "accounts_scheduledmaintenance" ("id" serial NOT NULL PRIMARY KEY, "message" text NOT NULL, "start_time" timestamp with time zone NOT NULL, "end_time" timestamp with time zone NOT NULL, "is_active" boolean NOT NULL); args=None
DEBUG 2018-04-17 13:29:33 schema 30132 139874676295488 ALTER TABLE "user" DROP COLUMN "is_session_active" CASCADE; (params ())
DEBUG 2018-04-17 13:29:33 utils 30132 139874676295488 (0.057) ALTER TABLE "user" DROP COLUMN "is_session_active" CASCADE; args=()
DEBUG 2018-04-17 13:29:33 schema 30132 139874676295488 ALTER TABLE "user" ADD COLUMN "enforce_tfa_enabled" boolean DEFAULT %s NOT NULL; (params [False])
DEBUG 2018-04-17 13:29:33 utils 30132 139874676295488 (0.225) ALTER TABLE "user" ADD COLUMN "enforce_tfa_enabled" boolean DEFAULT false NOT NULL; args=[False]
DEBUG 2018-04-17 13:29:33 schema 30132 139874676295488 ALTER TABLE "user" ALTER COLUMN "enforce_tfa_enabled" DROP DEFAULT; (params ())
DEBUG 2018-04-17 13:29:33 utils 30132 139874676295488 (0.001) ALTER TABLE "user" ALTER COLUMN "enforce_tfa_enabled" DROP DEFAULT; args=()
DEBUG 2018-04-17 13:29:33 schema 30132 139874676295488 ALTER TABLE "user" ADD COLUMN "is_logged_in" boolean DEFAULT %s NOT NULL; (params [False])
DEBUG 2018-04-17 13:29:34 utils 30132 139874676295488 (0.160) ALTER TABLE "user" ADD COLUMN "is_logged_in" boolean DEFAULT false NOT NULL; args=[False]
DEBUG 2018-04-17 13:29:34 schema 30132 139874676295488 ALTER TABLE "user" ALTER COLUMN "is_logged_in" DROP DEFAULT; (params ())
DEBUG 2018-04-17 13:29:34 utils 30132 139874676295488 (0.000) ALTER TABLE "user" ALTER COLUMN "is_logged_in" DROP DEFAULT; args=()
DEBUG 2018-04-17 13:29:34 schema 30132 139874676295488 ALTER TABLE "user" ADD COLUMN "is_password_reset" boolean DEFAULT %s NOT NULL; (params [True])
DEBUG 2018-04-17 13:29:34 utils 30132 139874676295488 (0.165) ALTER TABLE "user" ADD COLUMN "is_password_reset" boolean DEFAULT true NOT NULL; args=[True]
DEBUG 2018-04-17 13:29:34 schema 30132 139874676295488 ALTER TABLE "user" ALTER COLUMN "is_password_reset" DROP DEFAULT; (params ())
DEBUG 2018-04-17 13:29:34 utils 30132 139874676295488 (0.000) ALTER TABLE "user" ALTER COLUMN "is_password_reset" DROP DEFAULT; args=()
DEBUG 2018-04-17 13:29:34 schema 30132 139874676295488 ALTER TABLE "user" ADD COLUMN "is_tfa_enabled" boolean DEFAULT %s NOT NULL; (params [False])
DEBUG 2018-04-17 13:29:34 utils 30132 139874676295488 (0.226) ALTER TABLE "user" ADD COLUMN "is_tfa_enabled" boolean DEFAULT false NOT NULL; args=[False]
DEBUG 2018-04-17 13:29:34 schema 30132 139874676295488 ALTER TABLE "user" ALTER COLUMN "is_tfa_enabled" DROP DEFAULT; (params ())
DEBUG 2018-04-17 13:29:34 utils 30132 139874676295488 (0.000) ALTER TABLE "user" ALTER COLUMN "is_tfa_enabled" DROP DEFAULT; args=()
DEBUG 2018-04-17 13:29:34 schema 30132 139874676295488 ALTER TABLE "user" ADD COLUMN "is_tfa_setup_completed" boolean DEFAULT %s NOT NULL; (params [False])
DEBUG 2018-04-17 13:29:34 utils 30132 139874676295488 (0.206) ALTER TABLE "user" ADD COLUMN "is_tfa_setup_completed" boolean DEFAULT false NOT NULL; args=[False]
DEBUG 2018-04-17 13:29:34 schema 30132 139874676295488 ALTER TABLE "user" ALTER COLUMN "is_tfa_setup_completed" DROP DEFAULT; (params ())
DEBUG 2018-04-17 13:29:34 utils 30132 139874676295488 (0.000) ALTER TABLE "user" ALTER COLUMN "is_tfa_setup_completed" DROP DEFAULT; args=()
DEBUG 2018-04-17 13:29:34 schema 30132 139874676295488 ALTER TABLE "user" ADD COLUMN "tfa_secret_code" varchar(100) NULL; (params [])
DEBUG 2018-04-17 13:29:34 utils 30132 139874676295488 (0.000) ALTER TABLE "user" ADD COLUMN "tfa_secret_code" varchar(100) NULL; args=[]
DEBUG 2018-04-17 13:29:34 schema 30132 139874676295488 ALTER TABLE "user" ADD COLUMN "tour_guide_enabled" boolean DEFAULT %s NOT NULL; (params [True])
DEBUG 2018-04-17 13:29:35 utils 30132 139874676295488 (0.167) ALTER TABLE "user" ADD COLUMN "tour_guide_enabled" boolean DEFAULT true NOT NULL; args=[True]
DEBUG 2018-04-17 13:29:35 schema 30132 139874676295488 ALTER TABLE "user" ALTER COLUMN "tour_guide_enabled" DROP DEFAULT; (params ())
DEBUG 2018-04-17 13:29:35 utils 30132 139874676295488 (0.000) ALTER TABLE "user" ALTER COLUMN "tour_guide_enabled" DROP DEFAULT; args=()
DEBUG 2018-04-17 13:29:35 schema 30132 139874676295488 ALTER TABLE "accountingconfiguration" ALTER COLUMN "accounting_type" SET DEFAULT %s; (params ['Quickbooks'])
DEBUG 2018-04-17 13:29:35 utils 30132 139874676295488 (0.001) ALTER TABLE "accountingconfiguration" ALTER COLUMN "accounting_type" SET DEFAULT 'Quickbooks'; args=['Quickbooks']
DEBUG 2018-04-17 13:29:35 schema 30132 139874676295488 ALTER TABLE "accountingconfiguration" ALTER COLUMN "accounting_type" DROP DEFAULT; (params ())
DEBUG 2018-04-17 13:29:35 utils 30132 139874676295488 (0.000) ALTER TABLE "accountingconfiguration" ALTER COLUMN "accounting_type" DROP DEFAULT; args=()
DEBUG 2018-04-17 13:29:35 schema 30132 139874676295488 ALTER TABLE "company" ALTER COLUMN "accounting_type" SET DEFAULT %s; (params ['Quickbooks'])
DEBUG 2018-04-17 13:29:35 utils 30132 139874676295488 (0.001) ALTER TABLE "company" ALTER COLUMN "accounting_type" SET DEFAULT 'Quickbooks'; args=['Quickbooks']
DEBUG 2018-04-17 13:29:35 schema 30132 139874676295488 ALTER TABLE "company" ALTER COLUMN "accounting_type" DROP DEFAULT; (params ())
DEBUG 2018-04-17 13:29:35 utils 30132 139874676295488 (0.000) ALTER TABLE "company" ALTER COLUMN "accounting_type" DROP DEFAULT; args=()
DEBUG 2018-04-17 13:29:35 schema 30132 139874676295488 ALTER TABLE "accounts_loggedinuser" ADD COLUMN "user_id" integer NOT NULL; (params [])
DEBUG 2018-04-17 13:29:35 utils 30132 139874676295488 (0.000) ALTER TABLE "accounts_loggedinuser" ADD COLUMN "user_id" integer NOT NULL; args=[]
DEBUG 2018-04-17 13:29:35 schema 30132 139874676295488 CREATE INDEX "accounts_loggedinuser_user_id_a35f46e4" ON "accounts_loggedinuser" ("user_id"); (params ())
DEBUG 2018-04-17 13:29:35 utils 30132 139874676295488 (0.026) CREATE INDEX "accounts_loggedinuser_user_id_a35f46e4" ON "accounts_loggedinuser" ("user_id"); args=()
DEBUG 2018-04-17 13:29:35 schema 30132 139874676295488 ALTER TABLE "accounts_loggedinuser" ADD CONSTRAINT "accounts_loggedinuser_user_id_a35f46e4_fk_user_id" FOREIGN KEY ("user_id") REFERENCES "user" ("id") DEFERRABLE INITIALLY DEFERRED; (params ())
DEBUG 2018-04-17 13:29:35 utils 30132 139874676295488 (0.086) ALTER TABLE "accounts_loggedinuser" ADD CONSTRAINT "accounts_loggedinuser_user_id_a35f46e4_fk_user_id" FOREIGN KEY ("user_id") REFERENCES "user" ("id") DEFERRABLE INITIALLY DEFERRED; args=()
DEBUG 2018-04-17 13:29:35 utils 30132 139874676295488 (0.001) 
            SELECT c.relname, c.relkind
            FROM pg_catalog.pg_class c
            LEFT JOIN pg_catalog.pg_namespace n ON n.oid = c.relnamespace
            WHERE c.relkind IN ('r', 'v')
                AND n.nspname NOT IN ('pg_catalog', 'pg_toast')
                AND pg_catalog.pg_table_is_visible(c.oid); args=None
DEBUG 2018-04-17 13:29:35 utils 30132 139874676295488 (0.000) INSERT INTO "django_migrations" ("app", "name", "applied") VALUES ('accounts', '0034_auto_20180417_1329', '2018-04-17T13:29:35.252151+00:00'::timestamptz) RETURNING "django_migrations"."id"; args=('accounts', '0034_auto_20180417_1329', datetime.datetime(2018, 4, 17, 13, 29, 35, 252151, tzinfo=<UTC>))
DEBUG 2018-04-17 13:29:35 schema 30132 139874676295488 CREATE TABLE "reporting_previousreporteditlogger" ("id" serial NOT NULL PRIMARY KEY, "section_name" varchar(60) NOT NULL, "old_value" varchar(512) NULL, "new_value" varchar(512) NULL, "date_changed" timestamp with time zone NOT NULL, "company_id" integer NOT NULL, "finacial_statement_item_id" integer NULL, "question_item_id" integer NULL, "reporting_period_id" integer NOT NULL, "user_id" integer NOT NULL); (params None)
DEBUG 2018-04-17 13:29:35 utils 30132 139874676295488 (0.078) CREATE TABLE "reporting_previousreporteditlogger" ("id" serial NOT NULL PRIMARY KEY, "section_name" varchar(60) NOT NULL, "old_value" varchar(512) NULL, "new_value" varchar(512) NULL, "date_changed" timestamp with time zone NOT NULL, "company_id" integer NOT NULL, "finacial_statement_item_id" integer NULL, "question_item_id" integer NULL, "reporting_period_id" integer NOT NULL, "user_id" integer NOT NULL); args=None
DEBUG 2018-04-17 13:29:35 schema 30132 139874676295488 ALTER TABLE "reporting_previousreporteditlogger" ADD CONSTRAINT "reporting_previousre_company_id_2366838f_fk_company_i" FOREIGN KEY ("company_id") REFERENCES "company" ("id") DEFERRABLE INITIALLY DEFERRED; (params ())
DEBUG 2018-04-17 13:29:35 utils 30132 139874676295488 (0.027) ALTER TABLE "reporting_previousreporteditlogger" ADD CONSTRAINT "reporting_previousre_company_id_2366838f_fk_company_i" FOREIGN KEY ("company_id") REFERENCES "company" ("id") DEFERRABLE INITIALLY DEFERRED; args=()
DEBUG 2018-04-17 13:29:35 schema 30132 139874676295488 ALTER TABLE "reporting_previousreporteditlogger" ADD CONSTRAINT "reporting_previousre_finacial_statement_i_7ad1cce6_fk_financial" FOREIGN KEY ("finacial_statement_item_id") REFERENCES "financialstatemententry" ("id") DEFERRABLE INITIALLY DEFERRED; (params ())
DEBUG 2018-04-17 13:29:35 utils 30132 139874676295488 (0.015) ALTER TABLE "reporting_previousreporteditlogger" ADD CONSTRAINT "reporting_previousre_finacial_statement_i_7ad1cce6_fk_financial" FOREIGN KEY ("finacial_statement_item_id") REFERENCES "financialstatemententry" ("id") DEFERRABLE INITIALLY DEFERRED; args=()
DEBUG 2018-04-17 13:29:35 schema 30132 139874676295488 ALTER TABLE "reporting_previousreporteditlogger" ADD CONSTRAINT "reporting_previousre_question_item_id_b80b494f_fk_question_" FOREIGN KEY ("question_item_id") REFERENCES "question" ("id") DEFERRABLE INITIALLY DEFERRED; (params ())
DEBUG 2018-04-17 13:29:35 utils 30132 139874676295488 (0.013) ALTER TABLE "reporting_previousreporteditlogger" ADD CONSTRAINT "reporting_previousre_question_item_id_b80b494f_fk_question_" FOREIGN KEY ("question_item_id") REFERENCES "question" ("id") DEFERRABLE INITIALLY DEFERRED; args=()
DEBUG 2018-04-17 13:29:35 schema 30132 139874676295488 ALTER TABLE "reporting_previousreporteditlogger" ADD CONSTRAINT "reporting_previousre_reporting_period_id_5e718ac3_fk_monthlyre" FOREIGN KEY ("reporting_period_id") REFERENCES "monthlyreport" ("id") DEFERRABLE INITIALLY DEFERRED; (params ())
DEBUG 2018-04-17 13:29:35 utils 30132 139874676295488 (0.002) ALTER TABLE "reporting_previousreporteditlogger" ADD CONSTRAINT "reporting_previousre_reporting_period_id_5e718ac3_fk_monthlyre" FOREIGN KEY ("reporting_period_id") REFERENCES "monthlyreport" ("id") DEFERRABLE INITIALLY DEFERRED; args=()
DEBUG 2018-04-17 13:29:35 schema 30132 139874676295488 ALTER TABLE "reporting_previousreporteditlogger" ADD CONSTRAINT "reporting_previousreporteditlogger_user_id_9fcdc860_fk_user_id" FOREIGN KEY ("user_id") REFERENCES "user" ("id") DEFERRABLE INITIALLY DEFERRED; (params ())
DEBUG 2018-04-17 13:29:35 utils 30132 139874676295488 (0.001) ALTER TABLE "reporting_previousreporteditlogger" ADD CONSTRAINT "reporting_previousreporteditlogger_user_id_9fcdc860_fk_user_id" FOREIGN KEY ("user_id") REFERENCES "user" ("id") DEFERRABLE INITIALLY DEFERRED; args=()
DEBUG 2018-04-17 13:29:35 schema 30132 139874676295488 CREATE INDEX "reporting_previousreporteditlogger_company_id_2366838f" ON "reporting_previousreporteditlogger" ("company_id"); (params ())
DEBUG 2018-04-17 13:29:35 utils 30132 139874676295488 (0.032) CREATE INDEX "reporting_previousreporteditlogger_company_id_2366838f" ON "reporting_previousreporteditlogger" ("company_id"); args=()
DEBUG 2018-04-17 13:29:35 schema 30132 139874676295488 CREATE INDEX "reporting_previousreported_finacial_statement_item_id_7ad1cce6" ON "reporting_previousreporteditlogger" ("finacial_statement_item_id"); (params ())
DEBUG 2018-04-17 13:29:35 utils 30132 139874676295488 (0.030) CREATE INDEX "reporting_previousreported_finacial_statement_item_id_7ad1cce6" ON "reporting_previousreporteditlogger" ("finacial_statement_item_id"); args=()
DEBUG 2018-04-17 13:29:35 schema 30132 139874676295488 CREATE INDEX "reporting_previousreporteditlogger_question_item_id_b80b494f" ON "reporting_previousreporteditlogger" ("question_item_id"); (params ())
DEBUG 2018-04-17 13:29:35 utils 30132 139874676295488 (0.030) CREATE INDEX "reporting_previousreporteditlogger_question_item_id_b80b494f" ON "reporting_previousreporteditlogger" ("question_item_id"); args=()
DEBUG 2018-04-17 13:29:35 schema 30132 139874676295488 CREATE INDEX "reporting_previousreporteditlogger_reporting_period_id_5e718ac3" ON "reporting_previousreporteditlogger" ("reporting_period_id"); (params ())
DEBUG 2018-04-17 13:29:35 utils 30132 139874676295488 (0.030) CREATE INDEX "reporting_previousreporteditlogger_reporting_period_id_5e718ac3" ON "reporting_previousreporteditlogger" ("reporting_period_id"); args=()
DEBUG 2018-04-17 13:29:35 schema 30132 139874676295488 CREATE INDEX "reporting_previousreporteditlogger_user_id_9fcdc860" ON "reporting_previousreporteditlogger" ("user_id"); (params ())
DEBUG 2018-04-17 13:29:35 utils 30132 139874676295488 (0.052) CREATE INDEX "reporting_previousreporteditlogger_user_id_9fcdc860" ON "reporting_previousreporteditlogger" ("user_id"); args=()
DEBUG 2018-04-17 13:29:35 utils 30132 139874676295488 (0.001) 
            SELECT c.relname, c.relkind
            FROM pg_catalog.pg_class c
            LEFT JOIN pg_catalog.pg_namespace n ON n.oid = c.relnamespace
            WHERE c.relkind IN ('r', 'v')
                AND n.nspname NOT IN ('pg_catalog', 'pg_toast')
                AND pg_catalog.pg_table_is_visible(c.oid); args=None
DEBUG 2018-04-17 13:29:35 utils 30132 139874676295488 (0.000) INSERT INTO "django_migrations" ("app", "name", "applied") VALUES ('reporting', '0013_previousreporteditlogger', '2018-04-17T13:29:35.717185+00:00'::timestamptz) RETURNING "django_migrations"."id"; args=('reporting', '0013_previousreporteditlogger', datetime.datetime(2018, 4, 17, 13, 29, 35, 717185, tzinfo=<UTC>))
DEBUG 2018-04-17 13:29:35 utils 30132 139874676295488 (0.001) 
            SELECT c.relname, c.relkind
            FROM pg_catalog.pg_class c
            LEFT JOIN pg_catalog.pg_namespace n ON n.oid = c.relnamespace
            WHERE c.relkind IN ('r', 'v')
                AND n.nspname NOT IN ('pg_catalog', 'pg_toast')
                AND pg_catalog.pg_table_is_visible(c.oid); args=None
DEBUG 2018-04-17 13:29:35 utils 30132 139874676295488 (0.000) SELECT "django_migrations"."app", "django_migrations"."name" FROM "django_migrations"; args=()
DEBUG 2018-04-17 13:29:35 utils 30132 139874676295488 (0.001) SELECT "django_content_type"."id", "django_content_type"."app_label", "django_content_type"."model" FROM "django_content_type" WHERE ("django_content_type"."model" = 'download' AND "django_content_type"."app_label" = 'reporting'); args=('download', 'reporting')
DEBUG 2018-04-17 13:29:35 utils 30132 139874676295488 (0.000) SELECT "django_content_type"."id", "django_content_type"."app_label", "django_content_type"."model" FROM "django_content_type" WHERE ("django_content_type"."model" = 'financialstatemententry' AND "django_content_type"."app_label" = 'reporting'); args=('financialstatemententry', 'reporting')
DEBUG 2018-04-17 13:29:35 utils 30132 139874676295488 (0.000) SELECT "django_content_type"."id", "django_content_type"."app_label", "django_content_type"."model" FROM "django_content_type" WHERE ("django_content_type"."model" = 'questioncategory' AND "django_content_type"."app_label" = 'reporting'); args=('questioncategory', 'reporting')
DEBUG 2018-04-17 13:29:35 utils 30132 139874676295488 (0.000) SELECT "django_content_type"."id", "django_content_type"."app_label", "django_content_type"."model" FROM "django_content_type" WHERE ("django_content_type"."model" = 'answer' AND "django_content_type"."app_label" = 'reporting'); args=('answer', 'reporting')
DEBUG 2018-04-17 13:29:35 utils 30132 139874676295488 (0.000) SELECT "django_content_type"."id", "django_content_type"."app_label", "django_content_type"."model" FROM "django_content_type" WHERE ("django_content_type"."model" = 'monthlyreport' AND "django_content_type"."app_label" = 'reporting'); args=('monthlyreport', 'reporting')
DEBUG 2018-04-17 13:29:35 utils 30132 139874676295488 (0.000) SELECT "django_content_type"."id", "django_content_type"."app_label", "django_content_type"."model" FROM "django_content_type" WHERE ("django_content_type"."model" = 'question' AND "django_content_type"."app_label" = 'reporting'); args=('question', 'reporting')
DEBUG 2018-04-17 13:29:35 utils 30132 139874676295488 (0.000) SELECT "django_content_type"."id", "django_content_type"."app_label", "django_content_type"."model" FROM "django_content_type" WHERE ("django_content_type"."model" = 'previousreporteditlogger' AND "django_content_type"."app_label" = 'reporting'); args=('previousreporteditlogger', 'reporting')
DEBUG 2018-04-17 13:29:35 utils 30132 139874676295488 (0.000) SELECT "django_content_type"."id", "django_content_type"."app_label", "django_content_type"."model" FROM "django_content_type" WHERE ("django_content_type"."model" = 'previousreporteditlogger' AND "django_content_type"."app_label" = 'reporting'); args=('previousreporteditlogger', 'reporting')
DEBUG 2018-04-17 13:29:35 utils 30132 139874676295488 (0.012) INSERT INTO "django_content_type" ("app_label", "model") VALUES ('reporting', 'previousreporteditlogger') RETURNING "django_content_type"."id"; args=('reporting', 'previousreporteditlogger')
DEBUG 2018-04-17 13:29:35 utils 30132 139874676295488 (0.001) SELECT "auth_permission"."content_type_id", "auth_permission"."codename" FROM "auth_permission" INNER JOIN "django_content_type" ON ("auth_permission"."content_type_id" = "django_content_type"."id") WHERE "auth_permission"."content_type_id" IN (1, 2, 3, 4, 5, 6, 33) ORDER BY "django_content_type"."app_label" ASC, "django_content_type"."model" ASC, "auth_permission"."codename" ASC; args=(1, 2, 3, 4, 5, 6, 33)
DEBUG 2018-04-17 13:29:35 utils 30132 139874676295488 (0.010) INSERT INTO "auth_permission" ("name", "content_type_id", "codename") VALUES ('Can add previous report edit logger', 33, 'add_previousreporteditlogger'), ('Can change previous report edit logger', 33, 'change_previousreporteditlogger'), ('Can delete previous report edit logger', 33, 'delete_previousreporteditlogger') RETURNING "auth_permission"."id"; args=('Can add previous report edit logger', 33, 'add_previousreporteditlogger', 'Can change previous report edit logger', 33, 'change_previousreporteditlogger', 'Can delete previous report edit logger', 33, 'delete_previousreporteditlogger')
DEBUG 2018-04-17 13:29:35 utils 30132 139874676295488 (0.000) SELECT "django_content_type"."id", "django_content_type"."app_label", "django_content_type"."model" FROM "django_content_type" WHERE "django_content_type"."app_label" = 'reporting'; args=('reporting',)
DEBUG 2018-04-17 13:29:35 utils 30132 139874676295488 (0.000) SELECT "django_content_type"."id", "django_content_type"."app_label", "django_content_type"."model" FROM "django_content_type" WHERE ("django_content_type"."model" = 'accountingconfiguration' AND "django_content_type"."app_label" = 'accounts'); args=('accountingconfiguration', 'accounts')
DEBUG 2018-04-17 13:29:35 utils 30132 139874676295488 (0.000) SELECT "django_content_type"."id", "django_content_type"."app_label", "django_content_type"."model" FROM "django_content_type" WHERE ("django_content_type"."model" = 'espressocontact' AND "django_content_type"."app_label" = 'accounts'); args=('espressocontact', 'accounts')
DEBUG 2018-04-17 13:29:35 utils 30132 139874676295488 (0.000) SELECT "django_content_type"."id", "django_content_type"."app_label", "django_content_type"."model" FROM "django_content_type" WHERE ("django_content_type"."model" = 'usersession' AND "django_content_type"."app_label" = 'accounts'); args=('usersession', 'accounts')
DEBUG 2018-04-17 13:29:35 utils 30132 139874676295488 (0.000) SELECT "django_content_type"."id", "django_content_type"."app_label", "django_content_type"."model" FROM "django_content_type" WHERE ("django_content_type"."model" = 'companynotification' AND "django_content_type"."app_label" = 'accounts'); args=('companynotification', 'accounts')
DEBUG 2018-04-17 13:29:35 utils 30132 139874676295488 (0.000) SELECT "django_content_type"."id", "django_content_type"."app_label", "django_content_type"."model" FROM "django_content_type" WHERE ("django_content_type"."model" = 'user' AND "django_content_type"."app_label" = 'accounts'); args=('user', 'accounts')
DEBUG 2018-04-17 13:29:35 utils 30132 139874676295488 (0.000) SELECT "django_content_type"."id", "django_content_type"."app_label", "django_content_type"."model" FROM "django_content_type" WHERE ("django_content_type"."model" = 'company' AND "django_content_type"."app_label" = 'accounts'); args=('company', 'accounts')
DEBUG 2018-04-17 13:29:35 utils 30132 139874676295488 (0.000) SELECT "django_content_type"."id", "django_content_type"."app_label", "django_content_type"."model" FROM "django_content_type" WHERE ("django_content_type"."model" = 'companymeta' AND "django_content_type"."app_label" = 'accounts'); args=('companymeta', 'accounts')
DEBUG 2018-04-17 13:29:35 utils 30132 139874676295488 (0.000) SELECT "django_content_type"."id", "django_content_type"."app_label", "django_content_type"."model" FROM "django_content_type" WHERE ("django_content_type"."model" = 'forgotpasswordrequest' AND "django_content_type"."app_label" = 'accounts'); args=('forgotpasswordrequest', 'accounts')
DEBUG 2018-04-17 13:29:35 utils 30132 139874676295488 (0.000) SELECT "django_content_type"."id", "django_content_type"."app_label", "django_content_type"."model" FROM "django_content_type" WHERE ("django_content_type"."model" = 'loggedinuser' AND "django_content_type"."app_label" = 'accounts'); args=('loggedinuser', 'accounts')
DEBUG 2018-04-17 13:29:35 utils 30132 139874676295488 (0.000) SELECT "django_content_type"."id", "django_content_type"."app_label", "django_content_type"."model" FROM "django_content_type" WHERE ("django_content_type"."model" = 'loggedinuser' AND "django_content_type"."app_label" = 'accounts'); args=('loggedinuser', 'accounts')
DEBUG 2018-04-17 13:29:35 utils 30132 139874676295488 (0.000) INSERT INTO "django_content_type" ("app_label", "model") VALUES ('accounts', 'loggedinuser') RETURNING "django_content_type"."id"; args=('accounts', 'loggedinuser')
DEBUG 2018-04-17 13:29:35 utils 30132 139874676295488 (0.000) SELECT "django_content_type"."id", "django_content_type"."app_label", "django_content_type"."model" FROM "django_content_type" WHERE ("django_content_type"."model" = 'fiscalyearend' AND "django_content_type"."app_label" = 'accounts'); args=('fiscalyearend', 'accounts')
DEBUG 2018-04-17 13:29:35 utils 30132 139874676295488 (0.000) SELECT "django_content_type"."id", "django_content_type"."app_label", "django_content_type"."model" FROM "django_content_type" WHERE ("django_content_type"."model" = 'scheduledmaintenance' AND "django_content_type"."app_label" = 'accounts'); args=('scheduledmaintenance', 'accounts')
DEBUG 2018-04-17 13:29:35 utils 30132 139874676295488 (0.000) SELECT "django_content_type"."id", "django_content_type"."app_label", "django_content_type"."model" FROM "django_content_type" WHERE ("django_content_type"."model" = 'scheduledmaintenance' AND "django_content_type"."app_label" = 'accounts'); args=('scheduledmaintenance', 'accounts')
DEBUG 2018-04-17 13:29:35 utils 30132 139874676295488 (0.000) INSERT INTO "django_content_type" ("app_label", "model") VALUES ('accounts', 'scheduledmaintenance') RETURNING "django_content_type"."id"; args=('accounts', 'scheduledmaintenance')
DEBUG 2018-04-17 13:29:35 utils 30132 139874676295488 (0.000) SELECT "django_content_type"."id", "django_content_type"."app_label", "django_content_type"."model" FROM "django_content_type" WHERE ("django_content_type"."model" = 'contact' AND "django_content_type"."app_label" = 'accounts'); args=('contact', 'accounts')
DEBUG 2018-04-17 13:29:35 utils 30132 139874676295488 (0.001) SELECT "auth_permission"."content_type_id", "auth_permission"."codename" FROM "auth_permission" INNER JOIN "django_content_type" ON ("auth_permission"."content_type_id" = "django_content_type"."id") WHERE "auth_permission"."content_type_id" IN (34, 35, 7, 8, 9, 10, 11, 12, 13, 14, 15, 16) ORDER BY "django_content_type"."app_label" ASC, "django_content_type"."model" ASC, "auth_permission"."codename" ASC; args=(34, 35, 7, 8, 9, 10, 11, 12, 13, 14, 15, 16)
DEBUG 2018-04-17 13:29:35 utils 30132 139874676295488 (0.001) INSERT INTO "auth_permission" ("name", "content_type_id", "codename") VALUES ('Can add logged in user', 34, 'add_loggedinuser'), ('Can change logged in user', 34, 'change_loggedinuser'), ('Can delete logged in user', 34, 'delete_loggedinuser'), ('Can add scheduled maintenance', 35, 'add_scheduledmaintenance'), ('Can change scheduled maintenance', 35, 'change_scheduledmaintenance'), ('Can delete scheduled maintenance', 35, 'delete_scheduledmaintenance') RETURNING "auth_permission"."id"; args=('Can add logged in user', 34, 'add_loggedinuser', 'Can change logged in user', 34, 'change_loggedinuser', 'Can delete logged in user', 34, 'delete_loggedinuser', 'Can add scheduled maintenance', 35, 'add_scheduledmaintenance', 'Can change scheduled maintenance', 35, 'change_scheduledmaintenance', 'Can delete scheduled maintenance', 35, 'delete_scheduledmaintenance')
DEBUG 2018-04-17 13:29:35 utils 30132 139874676295488 (0.000) SELECT "django_content_type"."id", "django_content_type"."app_label", "django_content_type"."model" FROM "django_content_type" WHERE "django_content_type"."app_label" = 'accounts'; args=('accounts',)
DEBUG 2018-04-17 13:29:35 utils 30132 139874676295488 (0.000) SELECT "django_content_type"."id", "django_content_type"."app_label", "django_content_type"."model" FROM "django_content_type" WHERE ("django_content_type"."model" = 'coa' AND "django_content_type"."app_label" = 'accounting'); args=('coa', 'accounting')
DEBUG 2018-04-17 13:29:35 utils 30132 139874676295488 (0.000) SELECT "django_content_type"."id", "django_content_type"."app_label", "django_content_type"."model" FROM "django_content_type" WHERE ("django_content_type"."model" = 'defaultaccounttagmapping' AND "django_content_type"."app_label" = 'accounting'); args=('defaultaccounttagmapping', 'accounting')
DEBUG 2018-04-17 13:29:35 utils 30132 139874676295488 (0.000) SELECT "django_content_type"."id", "django_content_type"."app_label", "django_content_type"."model" FROM "django_content_type" WHERE ("django_content_type"."model" = 'logininfo' AND "django_content_type"."app_label" = 'accounting'); args=('logininfo', 'accounting')
DEBUG 2018-04-17 13:29:35 utils 30132 139874676295488 (0.000) SELECT "django_content_type"."id", "django_content_type"."app_label", "django_content_type"."model" FROM "django_content_type" WHERE ("django_content_type"."model" = 'coamap' AND "django_content_type"."app_label" = 'accounting'); args=('coamap', 'accounting')
DEBUG 2018-04-17 13:29:35 utils 30132 139874676295488 (0.000) SELECT "django_content_type"."id", "django_content_type"."app_label", "django_content_type"."model" FROM "django_content_type" WHERE ("django_content_type"."model" = 'trialbalance' AND "django_content_type"."app_label" = 'accounting'); args=('trialbalance', 'accounting')
DEBUG 2018-04-17 13:29:35 utils 30132 139874676295488 (0.000) SELECT "django_content_type"."id", "django_content_type"."app_label", "django_content_type"."model" FROM "django_content_type" WHERE ("django_content_type"."model" = 'financialstatemententrytag' AND "django_content_type"."app_label" = 'accounting'); args=('financialstatemententrytag', 'accounting')
DEBUG 2018-04-17 13:29:35 utils 30132 139874676295488 (0.000) SELECT "django_content_type"."id", "django_content_type"."app_label", "django_content_type"."model" FROM "django_content_type" WHERE ("django_content_type"."model" = 'accountingoauth2' AND "django_content_type"."app_label" = 'accounting'); args=('accountingoauth2', 'accounting')
DEBUG 2018-04-17 13:29:35 utils 30132 139874676295488 (0.000) SELECT "auth_permission"."content_type_id", "auth_permission"."codename" FROM "auth_permission" INNER JOIN "django_content_type" ON ("auth_permission"."content_type_id" = "django_content_type"."id") WHERE "auth_permission"."content_type_id" IN (17, 18, 19, 20, 21, 22, 23) ORDER BY "django_content_type"."app_label" ASC, "django_content_type"."model" ASC, "auth_permission"."codename" ASC; args=(17, 18, 19, 20, 21, 22, 23)
DEBUG 2018-04-17 13:29:35 utils 30132 139874676295488 (0.000) SELECT "django_content_type"."id", "django_content_type"."app_label", "django_content_type"."model" FROM "django_content_type" WHERE "django_content_type"."app_label" = 'accounting'; args=('accounting',)
DEBUG 2018-04-17 13:29:35 utils 30132 139874676295488 (0.000) SELECT "django_content_type"."id", "django_content_type"."app_label", "django_content_type"."model" FROM "django_content_type" WHERE ("django_content_type"."model" = 'refreshtoken' AND "django_content_type"."app_label" = 'oauth2_provider'); args=('refreshtoken', 'oauth2_provider')
DEBUG 2018-04-17 13:29:35 utils 30132 139874676295488 (0.000) SELECT "django_content_type"."id", "django_content_type"."app_label", "django_content_type"."model" FROM "django_content_type" WHERE ("django_content_type"."model" = 'grant' AND "django_content_type"."app_label" = 'oauth2_provider'); args=('grant', 'oauth2_provider')
DEBUG 2018-04-17 13:29:35 utils 30132 139874676295488 (0.000) SELECT "django_content_type"."id", "django_content_type"."app_label", "django_content_type"."model" FROM "django_content_type" WHERE ("django_content_type"."model" = 'application' AND "django_content_type"."app_label" = 'oauth2_provider'); args=('application', 'oauth2_provider')
DEBUG 2018-04-17 13:29:35 utils 30132 139874676295488 (0.000) SELECT "django_content_type"."id", "django_content_type"."app_label", "django_content_type"."model" FROM "django_content_type" WHERE ("django_content_type"."model" = 'accesstoken' AND "django_content_type"."app_label" = 'oauth2_provider'); args=('accesstoken', 'oauth2_provider')
DEBUG 2018-04-17 13:29:35 utils 30132 139874676295488 (0.000) SELECT "auth_permission"."content_type_id", "auth_permission"."codename" FROM "auth_permission" INNER JOIN "django_content_type" ON ("auth_permission"."content_type_id" = "django_content_type"."id") WHERE "auth_permission"."content_type_id" IN (24, 25, 26, 27) ORDER BY "django_content_type"."app_label" ASC, "django_content_type"."model" ASC, "auth_permission"."codename" ASC; args=(24, 25, 26, 27)
DEBUG 2018-04-17 13:29:35 utils 30132 139874676295488 (0.000) SELECT "django_content_type"."id", "django_content_type"."app_label", "django_content_type"."model" FROM "django_content_type" WHERE "django_content_type"."app_label" = 'oauth2_provider'; args=('oauth2_provider',)
DEBUG 2018-04-17 13:29:35 utils 30132 139874676295488 (0.000) SELECT "django_content_type"."id", "django_content_type"."app_label", "django_content_type"."model" FROM "django_content_type" WHERE "django_content_type"."app_label" = 'rest_framework'; args=('rest_framework',)
DEBUG 2018-04-17 13:29:35 utils 30132 139874676295488 (0.000) SELECT "django_content_type"."id", "django_content_type"."app_label", "django_content_type"."model" FROM "django_content_type" WHERE "django_content_type"."app_label" = 'django_filters'; args=('django_filters',)
DEBUG 2018-04-17 13:29:35 utils 30132 139874676295488 (0.000) SELECT "django_content_type"."id", "django_content_type"."app_label", "django_content_type"."model" FROM "django_content_type" WHERE ("django_content_type"."model" = 'logentry' AND "django_content_type"."app_label" = 'admin'); args=('logentry', 'admin')
DEBUG 2018-04-17 13:29:35 utils 30132 139874676295488 (0.000) SELECT "auth_permission"."content_type_id", "auth_permission"."codename" FROM "auth_permission" INNER JOIN "django_content_type" ON ("auth_permission"."content_type_id" = "django_content_type"."id") WHERE "auth_permission"."content_type_id" IN (28) ORDER BY "django_content_type"."app_label" ASC, "django_content_type"."model" ASC, "auth_permission"."codename" ASC; args=(28,)
DEBUG 2018-04-17 13:29:35 utils 30132 139874676295488 (0.000) SELECT "django_content_type"."id", "django_content_type"."app_label", "django_content_type"."model" FROM "django_content_type" WHERE "django_content_type"."app_label" = 'admin'; args=('admin',)
DEBUG 2018-04-17 13:29:35 utils 30132 139874676295488 (0.000) SELECT "django_content_type"."id", "django_content_type"."app_label", "django_content_type"."model" FROM "django_content_type" WHERE ("django_content_type"."model" = 'group' AND "django_content_type"."app_label" = 'auth'); args=('group', 'auth')
DEBUG 2018-04-17 13:29:35 utils 30132 139874676295488 (0.000) SELECT "django_content_type"."id", "django_content_type"."app_label", "django_content_type"."model" FROM "django_content_type" WHERE ("django_content_type"."model" = 'permission' AND "django_content_type"."app_label" = 'auth'); args=('permission', 'auth')
DEBUG 2018-04-17 13:29:35 utils 30132 139874676295488 (0.000) SELECT "auth_permission"."content_type_id", "auth_permission"."codename" FROM "auth_permission" INNER JOIN "django_content_type" ON ("auth_permission"."content_type_id" = "django_content_type"."id") WHERE "auth_permission"."content_type_id" IN (29, 30) ORDER BY "django_content_type"."app_label" ASC, "django_content_type"."model" ASC, "auth_permission"."codename" ASC; args=(29, 30)
DEBUG 2018-04-17 13:29:35 utils 30132 139874676295488 (0.000) SELECT "django_content_type"."id", "django_content_type"."app_label", "django_content_type"."model" FROM "django_content_type" WHERE "django_content_type"."app_label" = 'auth'; args=('auth',)
DEBUG 2018-04-17 13:29:35 utils 30132 139874676295488 (0.000) SELECT "django_content_type"."id", "django_content_type"."app_label", "django_content_type"."model" FROM "django_content_type" WHERE ("django_content_type"."model" = 'contenttype' AND "django_content_type"."app_label" = 'contenttypes'); args=('contenttype', 'contenttypes')
DEBUG 2018-04-17 13:29:35 utils 30132 139874676295488 (0.000) SELECT "auth_permission"."content_type_id", "auth_permission"."codename" FROM "auth_permission" INNER JOIN "django_content_type" ON ("auth_permission"."content_type_id" = "django_content_type"."id") WHERE "auth_permission"."content_type_id" IN (31) ORDER BY "django_content_type"."app_label" ASC, "django_content_type"."model" ASC, "auth_permission"."codename" ASC; args=(31,)
DEBUG 2018-04-17 13:29:35 utils 30132 139874676295488 (0.000) SELECT "django_content_type"."id", "django_content_type"."app_label", "django_content_type"."model" FROM "django_content_type" WHERE "django_content_type"."app_label" = 'contenttypes'; args=('contenttypes',)
DEBUG 2018-04-17 13:29:35 utils 30132 139874676295488 (0.000) SELECT "django_content_type"."id", "django_content_type"."app_label", "django_content_type"."model" FROM "django_content_type" WHERE ("django_content_type"."model" = 'session' AND "django_content_type"."app_label" = 'sessions'); args=('session', 'sessions')
DEBUG 2018-04-17 13:29:35 utils 30132 139874676295488 (0.000) SELECT "auth_permission"."content_type_id", "auth_permission"."codename" FROM "auth_permission" INNER JOIN "django_content_type" ON ("auth_permission"."content_type_id" = "django_content_type"."id") WHERE "auth_permission"."content_type_id" IN (32) ORDER BY "django_content_type"."app_label" ASC, "django_content_type"."model" ASC, "auth_permission"."codename" ASC; args=(32,)
DEBUG 2018-04-17 13:29:35 utils 30132 139874676295488 (0.000) SELECT "django_content_type"."id", "django_content_type"."app_label", "django_content_type"."model" FROM "django_content_type" WHERE "django_content_type"."app_label" = 'sessions'; args=('sessions',)
DEBUG 2018-04-17 13:29:35 utils 30132 139874676295488 (0.000) SELECT "django_content_type"."id", "django_content_type"."app_label", "django_content_type"."model" FROM "django_content_type" WHERE "django_content_type"."app_label" = 'django_json_widget'; args=('django_json_widget',)
DEBUG 2018-04-17 13:29:35 utils 30132 139874676295488 (0.000) SELECT "django_content_type"."id", "django_content_type"."app_label", "django_content_type"."model" FROM "django_content_type" WHERE "django_content_type"."app_label" = 'djangosecure'; args=('djangosecure',)
DEBUG 2018-04-17 13:29:35 utils 30132 139874676295488 (0.000) SELECT "django_content_type"."id", "django_content_type"."app_label", "django_content_type"."model" FROM "django_content_type" WHERE "django_content_type"."app_label" = 'corsheaders'; args=('corsheaders',)
